


ARM Macro Assembler    Page 1 


    1 00000000                 AREA             RESET, DATA, READONLY
    2 00000000                 EXPORT           __Vectors
    3 00000000         __Vectors
    4 00000000 10001000        DCD              0x10001000
    5 00000004 00000000        DCD              Reset_Handler
    6 00000008                 ALIGN
    7 00000008                 AREA             mycode, CODE, READONLY
    8 00000000                 ENTRY
    9 00000000                 EXPORT           Reset_Handler
   10 00000000         Reset_Handler
   11 00000000 4814            LDR              R0, =Input
   12 00000002 4915            LDR              R1, =Position
   13 00000004 F04F 030A       MOV              R3, #10
   14 00000008 F04F 044C       MOV              R4, #76
   15 0000000C F04F 0601       MOV              R6, #1
   16 00000010 F04F 0700       MOV              R7, #0
   17 00000014 F850 5B04 
                       LOOP    LDR              R5, [R0], #4
   18 00000018 F107 0701       ADD              R7, #1
   19 0000001C 42AC            CMP              R4, R5
   20 0000001E D002            BEQ              UP
   21 00000020 3B01            SUBS             R3, #1
   22 00000022 D1F7            BNE              LOOP
   23 00000024         HERE
   24 00000024 E7FE            B                HERE
   25 00000026 F841 6B04 
                       UP      STR              R6, [R1], #4
   26 0000002A 600F            STR              R7, [R1]
   27 0000002C 00000000 
              00000001 
              00000002 
              00000003 
              00000004 
              0000004C 
              00000006 
              00000007 
              00000008 
              00000009 Input   DCD              0, 1, 2, 3, 4, 76, 6, 7, 8, 9
   28 00000054 00000000 
              00000000         AREA             mydata, DATA, READWRITE
   29 00000000 00000003 
                       Position
                               DCD              3
   30 00000004                 END
Command Line: --debug --xref --cpu=Cortex-M3 --apcs=interwork --depend=.\prog3_
linear_search.d -o.\prog3_linear_search.o -IC:\Keil\ARM\RV31\INC -IC:\Keil\ARM\
CMSIS\Include -IC:\Keil\ARM\Inc\NXP\LPC17xx --predefine="__EVAL SETA 1" --list=
.\prog3_linear_search.lst prog3_linear_search.s



ARM Macro Assembler    Page 1 Alphabetic symbol ordering
Relocatable symbols

RESET 00000000

Symbol: RESET
   Definitions
      At line 1 in file prog3_linear_search.s
   Uses
      None
Comment: RESET unused
__Vectors 00000000

Symbol: __Vectors
   Definitions
      At line 3 in file prog3_linear_search.s
   Uses
      At line 2 in file prog3_linear_search.s
Comment: __Vectors used once
2 symbols



ARM Macro Assembler    Page 1 Alphabetic symbol ordering
Relocatable symbols

HERE 00000024

Symbol: HERE
   Definitions
      At line 23 in file prog3_linear_search.s
   Uses
      At line 24 in file prog3_linear_search.s
Comment: HERE used once
Input 0000002C

Symbol: Input
   Definitions
      At line 27 in file prog3_linear_search.s
   Uses
      At line 11 in file prog3_linear_search.s
Comment: Input used once
LOOP 00000014

Symbol: LOOP
   Definitions
      At line 17 in file prog3_linear_search.s
   Uses
      At line 22 in file prog3_linear_search.s
Comment: LOOP used once
Reset_Handler 00000000

Symbol: Reset_Handler
   Definitions
      At line 10 in file prog3_linear_search.s
   Uses
      At line 5 in file prog3_linear_search.s
      At line 9 in file prog3_linear_search.s

UP 00000026

Symbol: UP
   Definitions
      At line 25 in file prog3_linear_search.s
   Uses
      At line 20 in file prog3_linear_search.s
Comment: UP used once
mycode 00000000

Symbol: mycode
   Definitions
      At line 7 in file prog3_linear_search.s
   Uses
      None
Comment: mycode unused
6 symbols



ARM Macro Assembler    Page 1 Alphabetic symbol ordering
Relocatable symbols

Position 00000000

Symbol: Position
   Definitions
      At line 29 in file prog3_linear_search.s
   Uses
      At line 12 in file prog3_linear_search.s
Comment: Position used once
mydata 00000000

Symbol: mydata
   Definitions
      At line 28 in file prog3_linear_search.s
   Uses
      None
Comment: mydata unused
2 symbols
343 symbols in table
