


ARM Macro Assembler    Page 1 


    1 00000000                 AREA             RESET, DATA, READONLY
    2 00000000                 EXPORT           __Vectors
    3 00000000         __Vectors
    4 00000000 10001000        DCD              0x10001000
    5 00000004 00000000        DCD              Reset_Handler
    6 00000008                 ALIGN
    7 00000008                 AREA             mycode, CODE, READONLY
    8 00000000                 ENTRY
    9 00000000                 EXPORT           Reset_Handler
   10 00000000         Reset_Handler
   11 00000000 4821            LDR              R0, =List
   12 00000002 4A22            LDR              R2, =Result
   13 00000004 F04F 0305       MOV              R3, #5
   14 00000008 F850 1B04 
                       UP      LDR              R1, [R0], #4
   15 0000000C F842 1B04       STR              R1, [R2], #4
   16 00000010 3B01            SUBS             R3, #1
   17 00000012 D1F9            BNE              UP
   18 00000014 4A1D            LDR              R2, =Result
   19 00000016 6814            LDR              R4, [R2]
   20 00000018 F04F 0501       MOV              R5, #1
   21 0000001C F04F 0604       MOV              R6, #4
   22 00000020 42B5    ABOVE   CMP              R5, R6
   23 00000022 D81C            BHI              LAST
   24 00000024 4617            MOV              R7, R2
   25 00000026 F04F 0805       MOV              R8, #5
   26 0000002A F105 0901       ADD              R9, R5, #1
   27 0000002E 463B            MOV              R3, R7
   28 00000030 45C1    L3      CMP              R9, R8
   29 00000032 D80B            BHI              L2
   30 00000034 F8D7 A000       LDR              R10, [R7]
   31 00000038 F103 0304       ADD              R3, R3, #4
   32 0000003C F8D3 B000       LDR              R11, [R3]
   33 00000040 45DA            CMP              R10, R11
   34 00000042 BF28 461F       MOVCS            R7, R3
   35 00000046 F109 0901       ADD              R9, #1
   36 0000004A E7F1            B                L3
   37 0000004C 6818    L2      LDR              R0, [R3]
   38 0000004E 6811            LDR              R1, [R2]
   39 00000050 6010            STR              R0, [R2]
   40 00000052 6039            STR              R1, [R7]
   41 00000054 F102 0204       ADD              R2, #4
   42 00000058 F105 0504       ADD              R5, #4
   43 0000005C E7E0            B                ABOVE
   44 0000005E         LAST
   45 0000005E E7FE            B                LAST
   46 00000060 00000010 
              00000005 
              00000033 
              00000024 
              00000056 
              00000077 
              00000021 
              00000004 
              00000087 
              00000001 List    DCD              0X10, 0X5, 0X33, 0X24, 0X56, 0X
77, 0X21, 0X4, 0X87, 0X1
   47 00000088 00000000 
              00000000 



ARM Macro Assembler    Page 2 


              00000000         AREA             mydata, DATA, READWRITE
   48 00000000 00 00 00 
              00 00 00 
              00 00 00 
              00 00 00 
              00 00 00 
              00 00 00 
              00 00    Result  DCW              0,0,0,0,0,0,0,0,0,0
   49 00000014                 END
Command Line: --debug --xref --cpu=Cortex-M3 --apcs=interwork --depend=.\prog5_
selection_sort.d -o.\prog5_selection_sort.o -IC:\Keil\ARM\RV31\INC -IC:\Keil\AR
M\CMSIS\Include -IC:\Keil\ARM\Inc\NXP\LPC17xx --predefine="__EVAL SETA 1" --lis
t=.\prog5_selection_sort.lst prog5_selection_sort.s



ARM Macro Assembler    Page 1 Alphabetic symbol ordering
Relocatable symbols

RESET 00000000

Symbol: RESET
   Definitions
      At line 1 in file prog5_selection_sort.s
   Uses
      None
Comment: RESET unused
__Vectors 00000000

Symbol: __Vectors
   Definitions
      At line 3 in file prog5_selection_sort.s
   Uses
      At line 2 in file prog5_selection_sort.s
Comment: __Vectors used once
2 symbols



ARM Macro Assembler    Page 1 Alphabetic symbol ordering
Relocatable symbols

ABOVE 00000020

Symbol: ABOVE
   Definitions
      At line 22 in file prog5_selection_sort.s
   Uses
      At line 43 in file prog5_selection_sort.s
Comment: ABOVE used once
L2 0000004C

Symbol: L2
   Definitions
      At line 37 in file prog5_selection_sort.s
   Uses
      At line 29 in file prog5_selection_sort.s
Comment: L2 used once
L3 00000030

Symbol: L3
   Definitions
      At line 28 in file prog5_selection_sort.s
   Uses
      At line 36 in file prog5_selection_sort.s
Comment: L3 used once
LAST 0000005E

Symbol: LAST
   Definitions
      At line 44 in file prog5_selection_sort.s
   Uses
      At line 23 in file prog5_selection_sort.s
      At line 45 in file prog5_selection_sort.s

List 00000060

Symbol: List
   Definitions
      At line 46 in file prog5_selection_sort.s
   Uses
      At line 11 in file prog5_selection_sort.s
Comment: List used once
Reset_Handler 00000000

Symbol: Reset_Handler
   Definitions
      At line 10 in file prog5_selection_sort.s
   Uses
      At line 5 in file prog5_selection_sort.s
      At line 9 in file prog5_selection_sort.s

UP 00000008

Symbol: UP
   Definitions
      At line 14 in file prog5_selection_sort.s
   Uses
      At line 17 in file prog5_selection_sort.s
Comment: UP used once
mycode 00000000



ARM Macro Assembler    Page 2 Alphabetic symbol ordering
Relocatable symbols


Symbol: mycode
   Definitions
      At line 7 in file prog5_selection_sort.s
   Uses
      None
Comment: mycode unused
8 symbols



ARM Macro Assembler    Page 1 Alphabetic symbol ordering
Relocatable symbols

Result 00000000

Symbol: Result
   Definitions
      At line 48 in file prog5_selection_sort.s
   Uses
      At line 12 in file prog5_selection_sort.s
      At line 18 in file prog5_selection_sort.s

mydata 00000000

Symbol: mydata
   Definitions
      At line 47 in file prog5_selection_sort.s
   Uses
      None
Comment: mydata unused
2 symbols
345 symbols in table
