Project Information                          d:\180905088_d1\week9\lab9ex1.rpt

MAX+plus II Compiler Report File
Version 10.2 07/10/2002
Compiled: 10/05/2019 17:28:09

Copyright (C) 1988-2002 Altera Corporation
Any megafunction design, and related net list (encrypted or decrypted),
support information, device programming or simulation file, and any other
associated documentation or information provided by Altera or a partner
under Altera's Megafunction Partnership Program may be used only to
program PLD devices (but not masked PLD devices) from Altera.  Any other
use of such megafunction design, net list, support information, device
programming or simulation file, or any other related documentation or
information is prohibited for any other purpose, including, but not
limited to modification, reverse engineering, de-compiling, or use with
any other silicon devices, unless such use is explicitly licensed under
a separate agreement with Altera or a megafunction partner.  Title to
the intellectual property, including patents, copyrights, trademarks,
trade secrets, or maskworks, embodied in any such megafunction design,
net list, support information, device programming or simulation file, or
any other related documentation or information provided by Altera or a
megafunction partner, remains with Altera, the megafunction partner, or
their respective licensors.  No other licenses, including any licenses
needed under any third party's intellectual property, are provided herein.



***** Project compilation was successful




** DEVICE SUMMARY **

Chip/                     Input   Output   Bidir         Shareable
POF       Device          Pins    Pins     Pins     LCs  Expanders  % Utilized

lab9ex1   EPM7064LC44-7    5        17       0      39      34          60 %

User Pins:                 5        17       0  



Project Information                          d:\180905088_d1\week9\lab9ex1.rpt

** FILE HIERARCHY **



|deco:stage0|


Device-Specific Information:                 d:\180905088_d1\week9\lab9ex1.rpt
lab9ex1

***** Logic for device 'lab9ex1' compiled without errors.




Device: EPM7064LC44-7

Device Options:
    Turbo Bit                                    = ON
    Security Bit                                 = OFF

                 R  R                          
                 E  E                          
                 S  S                          
                 E  E                          
                 R  R                          
                 V  V  V  G  G  G  G  G  y     
              w  E  E  C  N  N  N  N  N  1  y  
              2  D  D  C  D  D  D  D  D  0  5  
            -----------------------------------_ 
          /   6  5  4  3  2  1 44 43 42 41 40   | 
      w0 |  7                                39 | y6 
      w1 |  8                                38 | y7 
RESERVED |  9                                37 | y8 
     GND | 10                                36 | y9 
      w3 | 11                                35 | VCC 
      en | 12         EPM7064LC44-7          34 | y1 
RESERVED | 13                                33 | f 
RESERVED | 14                                32 | RESERVED 
     VCC | 15                                31 | RESERVED 
RESERVED | 16                                30 | GND 
      y4 | 17                                29 | RESERVED 
         |_  18 19 20 21 22 23 24 25 26 27 28  _| 
           ------------------------------------ 
              y  y  y  y  G  V  R  y  y  y  y  
              3  2  0  1  N  C  E  1  1  1  1  
                       5  D  C  S  4  1  2  3  
                                E              
                                R              
                                V              
                                E              
                                D              


N.C. = No Connect. This pin has no internal connection to the device.
VCC = Dedicated power pin, which MUST be connected to VCC.
GND = Dedicated ground pin or unused dedicated input, which MUST be connected to GND.
RESERVED = Unused I/O pin, which MUST be left unconnected.



Device-Specific Information:                 d:\180905088_d1\week9\lab9ex1.rpt
lab9ex1

** RESOURCE USAGE **

                                                Shareable     External
Logic Array Block     Logic Cells   I/O Pins    Expanders   Interconnect

A:     LC1 - LC16     0/16(  0%)   5/ 8( 62%)   0/16(  0%)   0/36(  0%) 
B:    LC17 - LC32     7/16( 43%)   5/ 8( 62%)   4/16( 25%)  10/36( 27%) 
C:    LC33 - LC48    16/16(100%)   4/ 8( 50%)  15/16( 93%)   9/36( 25%) 
D:    LC49 - LC64    16/16(100%)   8/ 8(100%)  16/16(100%)  19/36( 52%) 


Total dedicated input pins used:                 0/4      (  0%)
Total I/O pins used:                            22/32     ( 68%)
Total logic cells used:                         39/64     ( 60%)
Total shareable expanders used:                 34/64     ( 53%)
Total Turbo logic cells used:                   39/64     ( 60%)
Total shareable expanders not available (n/a):   1/64     (  1%)
Average fan-in:                                  4.82
Total fan-in:                                   188

Total input pins required:                       5
Total output pins required:                     17
Total bidirectional pins required:               0
Total logic cells required:                     39
Total flipflops required:                        0
Total product terms required:                   89
Total logic cells lending parallel expanders:    0
Total shareable expanders in database:          27

Synthesized logic cells:                        22/  64   ( 34%)



Device-Specific Information:                 d:\180905088_d1\week9\lab9ex1.rpt
lab9ex1

** INPUTS **

                                         Shareable
                                         Expanders     Fan-In    Fan-Out
 Pin     LC  LAB  Primitive    Code   Total Shared n/a INP  FBK  OUT  FBK  Name
  12    (1)  (A)      INPUT               0      0   0    0    0   17    0  en
   7    (8)  (A)      INPUT               0      0   0    0    0   12   21  w0
   8    (5)  (A)      INPUT               0      0   0    0    0   12   21  w1
   6   (11)  (A)      INPUT               0      0   0    0    0   12   21  w2
  11    (3)  (A)      INPUT               0      0   0    0    0   12   21  w3


Code:

s = Synthesized pin or logic cell
t = Turbo logic cell
+ = Synchronous flipflop
! = NOT gate push-back
r = Fitter-inserted logic cell


Device-Specific Information:                 d:\180905088_d1\week9\lab9ex1.rpt
lab9ex1

** OUTPUTS **

                                         Shareable
                                         Expanders     Fan-In    Fan-Out
 Pin     LC  LAB  Primitive    Code   Total Shared n/a INP  FBK  OUT  FBK  Name
  33     49    D     OUTPUT      t        5      2   1    5    4    0    0  f
  20     19    B     OUTPUT      t        0      0   0    1    1    0    0  y0
  34     51    D     OUTPUT      t        0      0   0    1    1    0    0  y1
  19     20    B     OUTPUT      t        0      0   0    1    1    0    0  y2
  18     21    B     OUTPUT      t        0      0   0    1    1    0    0  y3
  17     24    B     OUTPUT      t        0      0   0    1    1    0    0  y4
  40     62    D     OUTPUT      t        0      0   0    5    0    0    0  y5
  39     57    D     OUTPUT      t        0      0   0    5    0    0    0  y6
  38     56    D     OUTPUT      t        0      0   0    5    0    0    0  y7
  37     53    D     OUTPUT      t        0      0   0    5    0    0    0  y8
  36     52    D     OUTPUT      t        0      0   0    5    0    0    0  y9
  41     64    D     OUTPUT      t        0      0   0    5    0    0    0  y10
  26     36    C     OUTPUT      t        0      0   0    5    0    0    0  y11
  27     37    C     OUTPUT      t        0      0   0    5    0    0    0  y12
  28     40    C     OUTPUT      t        0      0   0    5    0    0    0  y13
  25     35    C     OUTPUT      t        0      0   0    5    0    0    0  y14
  21     17    B     OUTPUT      t        0      0   0    5    0    0    0  y15


Code:

s = Synthesized pin or logic cell
t = Turbo logic cell
+ = Synchronous flipflop
! = NOT gate push-back
r = Fitter-inserted logic cell


Device-Specific Information:                 d:\180905088_d1\week9\lab9ex1.rpt
lab9ex1

** BURIED LOGIC **

                                         Shareable
                                         Expanders     Fan-In    Fan-Out
 Pin     LC  LAB  Primitive    Code   Total Shared n/a INP  FBK  OUT  FBK  Name
   -     34    C       SOFT    s t        0      0   0    4    0    1    3  |deco:stage0|~34~1
 (31)    46    C       SOFT    s t        0      0   0    4    0    0    3  |deco:stage0|~40~1
   -     45    C       SOFT    s t        0      0   0    4    0    0    4  |deco:stage0|~46~1
 (24)    33    C       SOFT    s t        0      0   0    4    0    0    2  |deco:stage0|~52~1
   -     43    C       SOFT    s t        0      0   0    4    0    0    1  |deco:stage0|~58~1
 (29)    41    C       SOFT    s t        0      0   0    4    0    0    1  |deco:stage0|~555~1
   -     39    C       SOFT    s t        0      0   0    4    0    0    1  |deco:stage0|~588~1
   -     38    C       SOFT    s t        1      0   0    4    0    0    2  |deco:stage0|~605~1
   -     59    D       SOFT    s t        1      1   0    4    1    0    1  |deco:stage0|~638~1
   -     44    C       SOFT    s t        2      2   0    4    0    0    2  |deco:stage0|~684~1
   -     42    C       SOFT    s t        3      2   0    4    0    0    3  |deco:stage0|~701~1
   -     47    C       SOFT    s t        7      0   0    4    4    0    2  |deco:stage0|~702~1
   -     60    D       SOFT    s t        1      1   0    4    1    0    1  |deco:stage0|~734~1
   -     31    B       SOFT    s t        3      3   0    4    1    1    1  |deco:stage0|~749~1
   -     58    D       SOFT    s t        2      1   0    4    2    0    1  |deco:stage0|~783~1
   -     27    B       SOFT    s t        1      1   0    4    1    1    1  |deco:stage0|~814~1
   -     63    D       SOFT    s t        3      3   0    4    3    0    1  |deco:stage0|~833~1
 (32)    48    C       SOFT    s t        3      2   0    4    0    1    0  |deco:stage0|~846~1
   -     55    D       SOFT    s t        1      1   0    0    3    1    0  |deco:stage0|~847~1
   -     54    D       SOFT    s t        2      0   0    4    4    1    0  |deco:stage0|~848~1
   -     61    D       SOFT    s t        3      3   0    4    4    2    0  |deco:stage0|~849~1
   -     50    D       SOFT    s t        3      0   0    4    6    1    0  |deco:stage0|~850~1


Code:

s = Synthesized pin or logic cell
t = Turbo logic cell
+ = Synchronous flipflop
! = NOT gate push-back
r = Fitter-inserted logic cell


Device-Specific Information:                 d:\180905088_d1\week9\lab9ex1.rpt
lab9ex1

** LOGIC CELL INTERCONNECTIONS **

Logic Array Block 'B':

                       Logic cells placed in LAB 'B'
        +------------- LC31 |deco:stage0|~749~1
        | +----------- LC27 |deco:stage0|~814~1
        | | +--------- LC19 y0
        | | | +------- LC20 y2
        | | | | +----- LC21 y3
        | | | | | +--- LC24 y4
        | | | | | | +- LC17 y15
        | | | | | | | 
        | | | | | | |   Other LABs fed by signals
        | | | | | | |   that feed LAB 'B'
LC      | | | | | | | | A B C D |     Logic cells that feed LAB 'B':

Pin
12   -> - - * * * * * | - * * * | <-- en
7    -> * * - - - - * | - * * * | <-- w0
8    -> * * - - - - * | - * * * | <-- w1
6    -> * * - - - - * | - * * * | <-- w2
11   -> * * - - - - * | - * * * | <-- w3
LC44 -> * * - - - - - | - * - - | <-- |deco:stage0|~684~1
LC48 -> - - - - - * - | - * - - | <-- |deco:stage0|~846~1
LC55 -> - - - - * - - | - * - - | <-- |deco:stage0|~847~1
LC54 -> - - - * - - - | - * - - | <-- |deco:stage0|~848~1
LC50 -> - - * - - - - | - * - - | <-- |deco:stage0|~850~1


* = The logic cell or pin is an input to the logic cell (or LAB) through the PIA.
- = The logic cell or pin is not an input to the logic cell (or LAB).


Device-Specific Information:                 d:\180905088_d1\week9\lab9ex1.rpt
lab9ex1

** LOGIC CELL INTERCONNECTIONS **

Logic Array Block 'C':

                                         Logic cells placed in LAB 'C'
        +------------------------------- LC34 |deco:stage0|~34~1
        | +----------------------------- LC46 |deco:stage0|~40~1
        | | +--------------------------- LC45 |deco:stage0|~46~1
        | | | +------------------------- LC33 |deco:stage0|~52~1
        | | | | +----------------------- LC43 |deco:stage0|~58~1
        | | | | | +--------------------- LC41 |deco:stage0|~555~1
        | | | | | | +------------------- LC39 |deco:stage0|~588~1
        | | | | | | | +----------------- LC38 |deco:stage0|~605~1
        | | | | | | | | +--------------- LC44 |deco:stage0|~684~1
        | | | | | | | | | +------------- LC42 |deco:stage0|~701~1
        | | | | | | | | | | +----------- LC47 |deco:stage0|~702~1
        | | | | | | | | | | | +--------- LC48 |deco:stage0|~846~1
        | | | | | | | | | | | | +------- LC36 y11
        | | | | | | | | | | | | | +----- LC37 y12
        | | | | | | | | | | | | | | +--- LC40 y13
        | | | | | | | | | | | | | | | +- LC35 y14
        | | | | | | | | | | | | | | | | 
        | | | | | | | | | | | | | | | |   Other LABs fed by signals
        | | | | | | | | | | | | | | | |   that feed LAB 'C'
LC      | | | | | | | | | | | | | | | | | A B C D |     Logic cells that feed LAB 'C':
LC33 -> - - - - - - - - - - * - - - - - | - - * * | <-- |deco:stage0|~52~1
LC43 -> - - - - - - - - - - * - - - - - | - - * - | <-- |deco:stage0|~58~1
LC41 -> - - - - - - - - - - * - - - - - | - - * - | <-- |deco:stage0|~555~1
LC39 -> - - - - - - - - - - * - - - - - | - - * - | <-- |deco:stage0|~588~1

Pin
12   -> - - - - - - - - - - - - * * * * | - * * * | <-- en
7    -> * * * * * * * * * * * * * * * * | - * * * | <-- w0
8    -> * * * * * * * * * * * * * * * * | - * * * | <-- w1
6    -> * * * * * * * * * * * * * * * * | - * * * | <-- w2
11   -> * * * * * * * * * * * * * * * * | - * * * | <-- w3


* = The logic cell or pin is an input to the logic cell (or LAB) through the PIA.
- = The logic cell or pin is not an input to the logic cell (or LAB).


Device-Specific Information:                 d:\180905088_d1\week9\lab9ex1.rpt
lab9ex1

** LOGIC CELL INTERCONNECTIONS **

Logic Array Block 'D':

                                         Logic cells placed in LAB 'D'
        +------------------------------- LC59 |deco:stage0|~638~1
        | +----------------------------- LC60 |deco:stage0|~734~1
        | | +--------------------------- LC58 |deco:stage0|~783~1
        | | | +------------------------- LC63 |deco:stage0|~833~1
        | | | | +----------------------- LC55 |deco:stage0|~847~1
        | | | | | +--------------------- LC54 |deco:stage0|~848~1
        | | | | | | +------------------- LC61 |deco:stage0|~849~1
        | | | | | | | +----------------- LC50 |deco:stage0|~850~1
        | | | | | | | | +--------------- LC49 f
        | | | | | | | | | +------------- LC51 y1
        | | | | | | | | | | +----------- LC62 y5
        | | | | | | | | | | | +--------- LC57 y6
        | | | | | | | | | | | | +------- LC56 y7
        | | | | | | | | | | | | | +----- LC53 y8
        | | | | | | | | | | | | | | +--- LC52 y9
        | | | | | | | | | | | | | | | +- LC64 y10
        | | | | | | | | | | | | | | | | 
        | | | | | | | | | | | | | | | |   Other LABs fed by signals
        | | | | | | | | | | | | | | | |   that feed LAB 'D'
LC      | | | | | | | | | | | | | | | | | A B C D |     Logic cells that feed LAB 'D':
LC59 -> - - - - - - - * - - - - - - - - | - - - * | <-- |deco:stage0|~638~1
LC60 -> - - * - - - - - - - - - - - - - | - - - * | <-- |deco:stage0|~734~1
LC58 -> - - - - - * - - - - - - - - - - | - - - * | <-- |deco:stage0|~783~1
LC63 -> - - - - - - * - - - - - - - - - | - - - * | <-- |deco:stage0|~833~1
LC61 -> - - - - - - - - * * - - - - - - | - - - * | <-- |deco:stage0|~849~1

Pin
12   -> - - - - - - - - * * * * * * * * | - * * * | <-- en
7    -> * * * * - * * * * - * * * * * * | - * * * | <-- w0
8    -> * * * * - * * * * - * * * * * * | - * * * | <-- w1
6    -> * * * * - * * * * - * * * * * * | - * * * | <-- w2
11   -> * * * * - * * * * - * * * * * * | - * * * | <-- w3
LC34 -> - - - - * * - * * - - - - - - - | - - - * | <-- |deco:stage0|~34~1
LC46 -> - - - * - - * * - - - - - - - - | - - - * | <-- |deco:stage0|~40~1
LC45 -> - - - * - * * * - - - - - - - - | - - - * | <-- |deco:stage0|~46~1
LC33 -> - - - - - - - * - - - - - - - - | - - * * | <-- |deco:stage0|~52~1
LC38 -> * - - - - - - * - - - - - - - - | - - - * | <-- |deco:stage0|~605~1
LC42 -> - * * - - * - - - - - - - - - - | - - - * | <-- |deco:stage0|~701~1
LC47 -> - - - * - - * - - - - - - - - - | - - - * | <-- |deco:stage0|~702~1
LC31 -> - - - - * - - - * - - - - - - - | - - - * | <-- |deco:stage0|~749~1
LC27 -> - - - - * - - - * - - - - - - - | - - - * | <-- |deco:stage0|~814~1


* = The logic cell or pin is an input to the logic cell (or LAB) through the PIA.
- = The logic cell or pin is not an input to the logic cell (or LAB).


Device-Specific Information:                 d:\180905088_d1\week9\lab9ex1.rpt
lab9ex1

** EQUATIONS **

en       : INPUT;
w0       : INPUT;
w1       : INPUT;
w2       : INPUT;
w3       : INPUT;

-- Node name is 'f' 
-- Equation name is 'f', location is LC049, type is output.
 f       = LCELL( _EQ001 $  en);
  _EQ001 =  en & !_LC027 & !_LC061 & !w1 &  w2 &  _X001 &  _X002 &  _X003 & 
              _X004
         #  en & !_LC027 & !_LC061 &  w1 & !w2 &  _X001 &  _X002 &  _X003 & 
              _X004
         #  en & !_LC027 & !_LC061 & !w3 &  _X001 &  _X002 &  _X003 &  _X004
         #  en & !_LC027 & !_LC061 & !w0 &  _X001 &  _X002 &  _X003 &  _X004;
  _X001  = EXP(!w0 &  w1 &  w2 & !w3);
  _X002  = EXP( w0 &  w1 &  w2 & !w3);
  _X003  = EXP(!w0 &  w1 &  w2 &  w3);
  _X004  = EXP( _LC031 & !_LC034);

-- Node name is 'y0' 
-- Equation name is 'y0', location is LC019, type is output.
 y0      = LCELL( _EQ002 $  GND);
  _EQ002 =  en &  _LC050;

-- Node name is 'y1' 
-- Equation name is 'y1', location is LC051, type is output.
 y1      = LCELL( _EQ003 $  GND);
  _EQ003 =  en &  _LC061;

-- Node name is 'y2' 
-- Equation name is 'y2', location is LC020, type is output.
 y2      = LCELL( _EQ004 $  GND);
  _EQ004 =  en &  _LC054;

-- Node name is 'y3' 
-- Equation name is 'y3', location is LC021, type is output.
 y3      = LCELL( _EQ005 $  GND);
  _EQ005 =  en &  _LC055;

-- Node name is 'y4' 
-- Equation name is 'y4', location is LC024, type is output.
 y4      = LCELL( _EQ006 $  GND);
  _EQ006 =  en &  _LC048;

-- Node name is 'y5' 
-- Equation name is 'y5', location is LC062, type is output.
 y5      = LCELL( _EQ007 $  GND);
  _EQ007 =  en &  w0 & !w1 &  w2 & !w3;

-- Node name is 'y6' 
-- Equation name is 'y6', location is LC057, type is output.
 y6      = LCELL( _EQ008 $  GND);
  _EQ008 =  en & !w0 &  w1 &  w2 & !w3;

-- Node name is 'y7' 
-- Equation name is 'y7', location is LC056, type is output.
 y7      = LCELL( _EQ009 $  GND);
  _EQ009 =  en &  w0 &  w1 &  w2 & !w3;

-- Node name is 'y8' 
-- Equation name is 'y8', location is LC053, type is output.
 y8      = LCELL( _EQ010 $  GND);
  _EQ010 =  en & !w0 & !w1 & !w2 &  w3;

-- Node name is 'y9' 
-- Equation name is 'y9', location is LC052, type is output.
 y9      = LCELL( _EQ011 $  GND);
  _EQ011 =  en &  w0 & !w1 & !w2 &  w3;

-- Node name is 'y10' 
-- Equation name is 'y10', location is LC064, type is output.
 y10     = LCELL( _EQ012 $  GND);
  _EQ012 =  en & !w0 &  w1 & !w2 &  w3;

-- Node name is 'y11' 
-- Equation name is 'y11', location is LC036, type is output.
 y11     = LCELL( _EQ013 $  GND);
  _EQ013 =  en &  w0 &  w1 & !w2 &  w3;

-- Node name is 'y12' 
-- Equation name is 'y12', location is LC037, type is output.
 y12     = LCELL( _EQ014 $  GND);
  _EQ014 =  en & !w0 & !w1 &  w2 &  w3;

-- Node name is 'y13' 
-- Equation name is 'y13', location is LC040, type is output.
 y13     = LCELL( _EQ015 $  GND);
  _EQ015 =  en &  w0 & !w1 &  w2 &  w3;

-- Node name is 'y14' 
-- Equation name is 'y14', location is LC035, type is output.
 y14     = LCELL( _EQ016 $  GND);
  _EQ016 =  en & !w0 &  w1 &  w2 &  w3;

-- Node name is 'y15' 
-- Equation name is 'y15', location is LC017, type is output.
 y15     = LCELL( _EQ017 $  GND);
  _EQ017 =  en &  w0 &  w1 &  w2 &  w3;

-- Node name is '|deco:stage0|~34~1' 
-- Equation name is '_LC034', type is buried 
-- synthesized logic cell 
_LC034   = LCELL( _EQ018 $  GND);
  _EQ018 = !w0 &  w1 &  w2 &  w3;

-- Node name is '|deco:stage0|~40~1' 
-- Equation name is '_LC046', type is buried 
-- synthesized logic cell 
_LC046   = LCELL( _EQ019 $  GND);
  _EQ019 =  w0 & !w1 &  w2 &  w3;

-- Node name is '|deco:stage0|~46~1' 
-- Equation name is '_LC045', type is buried 
-- synthesized logic cell 
_LC045   = LCELL( _EQ020 $  GND);
  _EQ020 = !w0 & !w1 &  w2 &  w3;

-- Node name is '|deco:stage0|~52~1' 
-- Equation name is '_LC033', type is buried 
-- synthesized logic cell 
_LC033   = LCELL( _EQ021 $  GND);
  _EQ021 =  w0 &  w1 & !w2 &  w3;

-- Node name is '|deco:stage0|~58~1' 
-- Equation name is '_LC043', type is buried 
-- synthesized logic cell 
_LC043   = LCELL( _EQ022 $  GND);
  _EQ022 = !w0 &  w1 & !w2 &  w3;

-- Node name is '|deco:stage0|~555~1' 
-- Equation name is '_LC041', type is buried 
-- synthesized logic cell 
_LC041   = LCELL( _EQ023 $  GND);
  _EQ023 =  w0 & !w1 & !w2 & !w3;

-- Node name is '|deco:stage0|~588~1' 
-- Equation name is '_LC039', type is buried 
-- synthesized logic cell 
_LC039   = LCELL( _EQ024 $  GND);
  _EQ024 =  w0 & !w1 & !w2 & !w3;

-- Node name is '|deco:stage0|~605~1' 
-- Equation name is '_LC038', type is buried 
-- synthesized logic cell 
_LC038   = LCELL( _EQ025 $  VCC);
  _EQ025 = !w0 & !w1 & !w2 &  w3
         #  _X005;
  _X005  = EXP(!w0 & !w1 & !w2 & !w3);

-- Node name is '|deco:stage0|~638~1' 
-- Equation name is '_LC059', type is buried 
-- synthesized logic cell 
_LC059   = LCELL( _EQ026 $  GND);
  _EQ026 =  _LC038 &  _X006;
  _X006  = EXP(!w0 &  w1 & !w2 &  w3);

-- Node name is '|deco:stage0|~684~1' 
-- Equation name is '_LC044', type is buried 
-- synthesized logic cell 
_LC044   = LCELL( _EQ027 $  _EQ028);
  _EQ027 =  _X007 &  _X008;
  _X007  = EXP( w0 &  w1 & !w2 &  w3);
  _X008  = EXP( w0 &  w1 & !w2 & !w3);
  _EQ028 =  _X007;
  _X007  = EXP( w0 &  w1 & !w2 &  w3);

-- Node name is '|deco:stage0|~701~1' 
-- Equation name is '_LC042', type is buried 
-- synthesized logic cell 
_LC042   = LCELL( _EQ029 $  VCC);
  _EQ029 = !w0 &  w1 & !w2 &  w3 &  _X006 &  _X007
         #  w0 &  w1 & !w2 &  w3 &  _X009
         #  _X007 &  _X009;
  _X006  = EXP(!w0 &  w1 & !w2 &  w3);
  _X007  = EXP( w0 &  w1 & !w2 &  w3);
  _X009  = EXP(!w0 &  w1 & !w2 & !w3);

-- Node name is '|deco:stage0|~702~1' 
-- Equation name is '_LC047', type is buried 
-- synthesized logic cell 
_LC047   = LCELL( _EQ030 $  _EQ031);
  _EQ030 =  w3 &  _X010 &  _X011 &  _X012 &  _X013 &  _X014 &  _X015 &  _X016;
  _X010  = EXP(!_LC033 & !_LC043 &  w2);
  _X011  = EXP(!_LC033 & !_LC043 &  w3);
  _X012  = EXP(!_LC033 & !_LC043 &  w1);
  _X013  = EXP(!_LC033 & !_LC043 & !w0);
  _X014  = EXP( w0 & !w1 & !w2 & !w3);
  _X015  = EXP(!_LC041 & !_LC043 &  w0 &  w1 & !w2 &  w3);
  _X016  = EXP(!_LC033 & !_LC039 & !w0 &  w1 & !w2 &  w3);
  _EQ031 =  _X010 &  _X011 &  _X012 &  _X013 &  _X015 &  _X016;
  _X010  = EXP(!_LC033 & !_LC043 &  w2);
  _X011  = EXP(!_LC033 & !_LC043 &  w3);
  _X012  = EXP(!_LC033 & !_LC043 &  w1);
  _X013  = EXP(!_LC033 & !_LC043 & !w0);
  _X015  = EXP(!_LC041 & !_LC043 &  w0 &  w1 & !w2 &  w3);
  _X016  = EXP(!_LC033 & !_LC039 & !w0 &  w1 & !w2 &  w3);

-- Node name is '|deco:stage0|~734~1' 
-- Equation name is '_LC060', type is buried 
-- synthesized logic cell 
_LC060   = LCELL( _EQ032 $  GND);
  _EQ032 =  _LC042 &  _X017;
  _X017  = EXP(!w0 & !w1 &  w2 &  w3);

-- Node name is '|deco:stage0|~749~1' 
-- Equation name is '_LC031', type is buried 
-- synthesized logic cell 
_LC031   = LCELL( _EQ033 $  VCC);
  _EQ033 = !_LC044 & !w0 & !w1 &  w2 &  w3
         # !_LC044 &  _X008 &  _X017
         # !_LC044 &  _X007 &  _X017;
  _X008  = EXP( w0 &  w1 & !w2 & !w3);
  _X017  = EXP(!w0 & !w1 &  w2 &  w3);
  _X007  = EXP( w0 &  w1 & !w2 &  w3);

-- Node name is '|deco:stage0|~783~1' 
-- Equation name is '_LC058', type is buried 
-- synthesized logic cell 
_LC058   = LCELL( _EQ034 $  _EQ035);
  _EQ034 = !_LC060 &  _X018 &  _X019;
  _X018  = EXP( _LC042 & !w0 & !w1 &  w2 &  w3);
  _X019  = EXP( w0 & !w1 &  w2 &  w3);
  _EQ035 =  _X019;
  _X019  = EXP( w0 & !w1 &  w2 &  w3);

-- Node name is '|deco:stage0|~814~1' 
-- Equation name is '_LC027', type is buried 
-- synthesized logic cell 
_LC027   = LCELL( _EQ036 $  GND);
  _EQ036 =  _LC044 & !w0 &  w1 &  w2 &  w3 &  _X019;
  _X019  = EXP( w0 & !w1 &  w2 &  w3);

-- Node name is '|deco:stage0|~833~1' 
-- Equation name is '_LC063', type is buried 
-- synthesized logic cell 
_LC063   = LCELL( _EQ037 $  _EQ038);
  _EQ037 =  _X003 &  _X020 &  _X021;
  _X003  = EXP(!w0 &  w1 &  w2 &  w3);
  _X020  = EXP(!_LC046 &  _LC047);
  _X021  = EXP(!_LC045 &  _LC047 &  w0 & !w1 &  w2 &  w3);
  _EQ038 =  _X003;
  _X003  = EXP(!w0 &  w1 &  w2 &  w3);

-- Node name is '|deco:stage0|~846~1' 
-- Equation name is '_LC048', type is buried 
-- synthesized logic cell 
_LC048   = LCELL( _EQ039 $  VCC);
  _EQ039 =  w0 & !w1 &  w2 &  w3 &  _X003 &  _X019
         # !w0 &  w1 &  w2 &  w3 &  _X022
         #  _X003 &  _X022;
  _X003  = EXP(!w0 &  w1 &  w2 &  w3);
  _X019  = EXP( w0 & !w1 &  w2 &  w3);
  _X022  = EXP(!w0 & !w1 &  w2 & !w3);

-- Node name is '|deco:stage0|~847~1' 
-- Equation name is '_LC055', type is buried 
-- synthesized logic cell 
_LC055   = LCELL( _EQ040 $  VCC);
  _EQ040 = !_LC027 &  _X004;
  _X004  = EXP( _LC031 & !_LC034);

-- Node name is '|deco:stage0|~848~1' 
-- Equation name is '_LC054', type is buried 
-- synthesized logic cell 
_LC054   = LCELL( _EQ041 $  VCC);
  _EQ041 =  _X023 &  _X024;
  _X023  = EXP(!_LC034 &  _LC042 & !_LC045);
  _X024  = EXP( _LC058 & !w0 &  w1 &  w2 &  w3);

-- Node name is '|deco:stage0|~849~1' 
-- Equation name is '_LC061', type is buried 
-- synthesized logic cell 
_LC061   = LCELL( _EQ042 $  VCC);
  _EQ042 = !_LC063 &  _X020 &  _X021
         # !_LC063 &  _X003;
  _X020  = EXP(!_LC046 &  _LC047);
  _X021  = EXP(!_LC045 &  _LC047 &  w0 & !w1 &  w2 &  w3);
  _X003  = EXP(!w0 &  w1 &  w2 &  w3);

-- Node name is '|deco:stage0|~850~1' 
-- Equation name is '_LC050', type is buried 
-- synthesized logic cell 
_LC050   = LCELL( _EQ043 $  VCC);
  _EQ043 =  _X025 &  _X026 &  _X027;
  _X025  = EXP(!_LC033 & !_LC045 & !_LC046 &  _LC059 & !w0 &  w1 &  w2 &  w3);
  _X026  = EXP(!_LC033 & !_LC034 & !_LC045 &  _LC059 &  w0 & !w1 &  w2 &  w3);
  _X027  = EXP(!_LC033 & !_LC034 &  _LC038 & !_LC046);



--     Shareable expanders that are duplicated in multiple LABs:
--    _X003 occurs in LABs C, D
--    _X006 occurs in LABs C, D
--    _X007 occurs in LABs B, C
--    _X008 occurs in LABs B, C
--    _X017 occurs in LABs B, D
--    _X019 occurs in LABs B, C, D




Project Information                          d:\180905088_d1\week9\lab9ex1.rpt

** COMPILATION SETTINGS & TIMES **

Processing Menu Commands
------------------------

Design Doctor                             = off

Logic Synthesis:

   Synthesis Type Used                    = Standard

   Default Synthesis Style                = NORMAL

      Logic option settings in 'NORMAL' style for 'MAX7000' family

      DECOMPOSE_GATES                     = on
      DUPLICATE_LOGIC_EXTRACTION          = on
      MINIMIZATION                        = full
      MULTI_LEVEL_FACTORING               = on
      NOT_GATE_PUSH_BACK                  = on
      PARALLEL_EXPANDERS                  = off
      REDUCE_LOGIC                        = on
      REFACTORIZATION                     = on
      REGISTER_OPTIMIZATION               = on
      RESYNTHESIZE_NETWORK                = on
      SLOW_SLEW_RATE                      = off
      SOFT_BUFFER_INSERTION               = on
      SUBFACTOR_EXTRACTION                = on
      TURBO_BIT                           = on
      XOR_SYNTHESIS                       = on
      IGNORE_SOFT_BUFFERS                 = off
      USE_LPM_FOR_AHDL_OPERATORS          = off

   Other logic synthesis settings:

      Automatic Global Clock              = on
      Automatic Global Clear              = on
      Automatic Global Preset             = on
      Automatic Global Output Enable      = on
      Automatic Fast I/O                  = off
      Automatic Register Packing          = off
      Automatic Open-Drain Pins           = on
      Automatic Implement in EAB          = off
      One-Hot State Machine Encoding      = off
      Optimize                            = 5

Default Timing Specifications: None

Cut All Bidir Feedback Timing Paths       = on
Cut All Clear & Preset Timing Paths       = on

Ignore Timing Assignments                 = on

Functional SNF Extractor                  = off

Linked SNF Extractor                      = off
Timing SNF Extractor                      = on
Optimize Timing SNF                       = off
Generate AHDL TDO File                    = off
Fitter Settings                           = NORMAL
Smart Recompile                           = off
Total Recompile                           = off

Interfaces Menu Commands
------------------------

EDIF Netlist Writer                       = off
Verilog Netlist Writer                    = off
VHDL Netlist Writer                       = off

Compilation Times
-----------------

   Compiler Netlist Extractor             00:00:00
   Database Builder                       00:00:00
   Logic Synthesizer                      00:00:01
   Partitioner                            00:00:00
   Fitter                                 00:00:00
   Timing SNF Extractor                   00:00:00
   Assembler                              00:00:00
   --------------------------             --------
   Total Time                             00:00:01


Memory Allocated
-----------------

Peak memory allocated during compilation  = 4,861K
