Project Information                         d:\180905088_d1\week5\gray2bin.rpt

MAX+plus II Compiler Report File
Version 10.2 07/10/2002
Compiled: 08/24/2019 17:05:02

Copyright (C) 1988-2002 Altera Corporation
Any megafunction design, and related net list (encrypted or decrypted),
support information, device programming or simulation file, and any other
associated documentation or information provided by Altera or a partner
under Altera's Megafunction Partnership Program may be used only to
program PLD devices (but not masked PLD devices) from Altera.  Any other
use of such megafunction design, net list, support information, device
programming or simulation file, or any other related documentation or
information is prohibited for any other purpose, including, but not
limited to modification, reverse engineering, de-compiling, or use with
any other silicon devices, unless such use is explicitly licensed under
a separate agreement with Altera or a megafunction partner.  Title to
the intellectual property, including patents, copyrights, trademarks,
trade secrets, or maskworks, embodied in any such megafunction design,
net list, support information, device programming or simulation file, or
any other related documentation or information provided by Altera or a
megafunction partner, remains with Altera, the megafunction partner, or
their respective licensors.  No other licenses, including any licenses
needed under any third party's intellectual property, are provided herein.



***** Project compilation was successful




** DEVICE SUMMARY **

Chip/                     Input   Output   Bidir         Shareable
POF       Device          Pins    Pins     Pins     LCs  Expanders  % Utilized

gray2bin  EPM7032LC44-6    8        8        0      31      6           96 %

User Pins:                 8        8        0  



Device-Specific Information:                d:\180905088_d1\week5\gray2bin.rpt
gray2bin

***** Logic for device 'gray2bin' compiled without errors.




Device: EPM7032LC44-6

Device Options:
    Turbo Bit                                    = ON
    Security Bit                                 = OFF



Device-Specific Information:                d:\180905088_d1\week5\gray2bin.rpt
gray2bin

** ERROR SUMMARY **

Info: Chip 'gray2bin' in device 'EPM7032LC44-6' has less than 10% of logic cells available for future logic changes -- if your project is likely to change, Altera recommends using a larger device
                                         R  R  
                                         E  E  
                                         S  S  
                                         E  E  
                                         R  R  
                       V  G  G  G  G  G  V  V  
              g  g  g  C  N  N  N  N  N  E  E  
              3  2  7  C  D  D  D  D  D  D  D  
            -----------------------------------_ 
          /   6  5  4  3  2  1 44 43 42 41 40   | 
      g4 |  7                                39 | RESERVED 
      g6 |  8                                38 | RESERVED 
      g5 |  9                                37 | RESERVED 
     GND | 10                                36 | RESERVED 
      g1 | 11                                35 | VCC 
      g0 | 12         EPM7032LC44-6          34 | b3 
RESERVED | 13                                33 | b4 
RESERVED | 14                                32 | RESERVED 
     VCC | 15                                31 | b5 
      b1 | 16                                30 | GND 
RESERVED | 17                                29 | b6 
         |_  18 19 20 21 22 23 24 25 26 27 28  _| 
           ------------------------------------ 
              b  R  R  R  G  V  b  R  b  R  R  
              2  E  E  E  N  C  7  E  0  E  E  
                 S  S  S  D  C     S     S  S  
                 E  E  E           E     E  E  
                 R  R  R           R     R  R  
                 V  V  V           V     V  V  
                 E  E  E           E     E  E  
                 D  D  D           D     D  D  


N.C. = No Connect. This pin has no internal connection to the device.
VCC = Dedicated power pin, which MUST be connected to VCC.
GND = Dedicated ground pin or unused dedicated input, which MUST be connected to GND.
RESERVED = Unused I/O pin, which MUST be left unconnected.



Device-Specific Information:                d:\180905088_d1\week5\gray2bin.rpt
gray2bin

** RESOURCE USAGE **

                                                Shareable     External
Logic Array Block     Logic Cells   I/O Pins    Expanders   Interconnect

A:     LC1 - LC16    15/16( 93%)  10/16( 62%)  15/16( 93%)  16/36( 44%) 
B:    LC17 - LC32    16/16(100%)   6/16( 37%)  14/16( 87%)  21/36( 58%) 


Total dedicated input pins used:                 0/4      (  0%)
Total I/O pins used:                            16/32     ( 50%)
Total logic cells used:                         31/32     ( 96%)
Total shareable expanders used:                  6/32     ( 18%)
Total Turbo logic cells used:                   31/32     ( 96%)
Total shareable expanders not available (n/a):  23/32     ( 71%)
Average fan-in:                                  6.38
Total fan-in:                                   198

Total input pins required:                       8
Total output pins required:                      8
Total bidirectional pins required:               0
Total logic cells required:                     31
Total flipflops required:                        0
Total product terms required:                  139
Total logic cells lending parallel expanders:    0
Total shareable expanders in database:           6

Synthesized logic cells:                        23/  32   ( 71%)



Device-Specific Information:                d:\180905088_d1\week5\gray2bin.rpt
gray2bin

** INPUTS **

                                         Shareable
                                         Expanders     Fan-In    Fan-Out
 Pin     LC  LAB  Primitive    Code   Total Shared n/a INP  FBK  OUT  FBK  Name
  12    (8)  (A)      INPUT               0      0   0    0    0    1    0  g0
  11    (7)  (A)      INPUT               0      0   0    0    0    1   13  g1
   5    (2)  (A)      INPUT               0      0   0    0    0    2   19  g2
   6    (3)  (A)      INPUT               0      0   0    0    0    3   22  g3
   7    (4)  (A)      INPUT               0      0   0    0    0    4   23  g4
   9    (6)  (A)      INPUT               0      0   0    0    0    5   23  g5
   8    (5)  (A)      INPUT               0      0   0    0    0    6   23  g6
   4    (1)  (A)      INPUT               0      0   0    0    0    7   23  g7


Code:

s = Synthesized pin or logic cell
t = Turbo logic cell
+ = Synchronous flipflop
! = NOT gate push-back
r = Fitter-inserted logic cell


Device-Specific Information:                d:\180905088_d1\week5\gray2bin.rpt
gray2bin

** OUTPUTS **

                                         Shareable
                                         Expanders     Fan-In    Fan-Out
 Pin     LC  LAB  Primitive    Code   Total Shared n/a INP  FBK  OUT  FBK  Name
  26     30    B     OUTPUT      t        0      0   0    1   13    0    0  b0
  16     11    A     OUTPUT      t        2      0   0    7    6    0    0  b1
  18     13    A     OUTPUT      t        1      0   0    6    3    0    0  b2
  34     23    B     OUTPUT      t        3      0   0    5    1    0    0  b3
  33     24    B     OUTPUT      t        1      0   1    4    0    0    0  b4
  31     26    B     OUTPUT      t        0      0   0    3    0    0    0  b5
  29     27    B     OUTPUT      t        0      0   0    2    0    0    0  b6
  24     32    B     OUTPUT      t        0      0   0    1    0    0    0  b7


Code:

s = Synthesized pin or logic cell
t = Turbo logic cell
+ = Synchronous flipflop
! = NOT gate push-back
r = Fitter-inserted logic cell


Device-Specific Information:                d:\180905088_d1\week5\gray2bin.rpt
gray2bin

** BURIED LOGIC **

                                         Shareable
                                         Expanders     Fan-In    Fan-Out
 Pin     LC  LAB  Primitive    Code   Total Shared n/a INP  FBK  OUT  FBK  Name
 (28)    28    B       SOFT    s t        1      0   1    4    0    1    0  ~140~1
 (25)    31    B       SOFT    s t        1      0   1    5    0    1    0  ~141~1
 (27)    29    B       SOFT    s t        1      0   1    5    0    1    0  ~141~2
 (32)    25    B       SOFT    s t        1      0   1    5    0    1    0  ~141~3
 (39)    19    B       SOFT    s t        1      0   1    6    0    1    0  ~142~1
 (40)    18    B       SOFT    s t        1      0   1    6    0    1    0  ~142~2
 (41)    17    B       SOFT    s t        1      0   1    6    0    1    0  ~142~3
 (38)    20    B       SOFT    s t        1      0   1    6    0    1    0  ~142~4
 (37)    21    B       SOFT    s t        1      0   1    6    0    1    0  ~142~5
 (36)    22    B       SOFT    s t        1      0   1    6    0    1    0  ~142~6
  (7)     4    A       SOFT    s t        1      0   1    7    0    1    0  ~143~1
 (14)    10    A       SOFT    s t        1      0   1    7    0    1    0  ~143~2
 (13)     9    A       SOFT    s t        1      0   1    7    0    1    0  ~143~3
  (6)     3    A       SOFT    s t        1      0   1    7    0    1    0  ~143~4
  (5)     2    A       SOFT    s t        1      0   1    7    0    1    0  ~143~5
  (4)     1    A       SOFT    s t        1      0   1    7    0    1    0  ~143~6
 (21)    16    A       SOFT    s t        1      0   1    7    0    1    0  ~143~7
 (17)    12    A       SOFT    s t        1      0   1    7    0    1    0  ~143~8
 (12)     8    A       SOFT    s t        1      0   1    7    0    1    0  ~143~9
 (11)     7    A       SOFT    s t        1      0   1    7    0    1    0  ~143~10
  (9)     6    A       SOFT    s t        1      0   1    7    0    1    0  ~143~11
  (8)     5    A       SOFT    s t        1      0   1    7    0    1    0  ~143~12
 (19)    14    A       SOFT    s t        0      0   0    7    0    1    0  ~143~13


Code:

s = Synthesized pin or logic cell
t = Turbo logic cell
+ = Synchronous flipflop
! = NOT gate push-back
r = Fitter-inserted logic cell


Device-Specific Information:                d:\180905088_d1\week5\gray2bin.rpt
gray2bin

** LOGIC CELL INTERCONNECTIONS **

Logic Array Block 'A':

                                       Logic cells placed in LAB 'A'
        +----------------------------- LC11 b1
        | +--------------------------- LC13 b2
        | | +------------------------- LC4 ~143~1
        | | | +----------------------- LC10 ~143~2
        | | | | +--------------------- LC9 ~143~3
        | | | | | +------------------- LC3 ~143~4
        | | | | | | +----------------- LC2 ~143~5
        | | | | | | | +--------------- LC1 ~143~6
        | | | | | | | | +------------- LC16 ~143~7
        | | | | | | | | | +----------- LC12 ~143~8
        | | | | | | | | | | +--------- LC8 ~143~9
        | | | | | | | | | | | +------- LC7 ~143~10
        | | | | | | | | | | | | +----- LC6 ~143~11
        | | | | | | | | | | | | | +--- LC5 ~143~12
        | | | | | | | | | | | | | | +- LC14 ~143~13
        | | | | | | | | | | | | | | | 
        | | | | | | | | | | | | | | |   Other LABs fed by signals
        | | | | | | | | | | | | | | |   that feed LAB 'A'
LC      | | | | | | | | | | | | | | | | A B |     Logic cells that feed LAB 'A':

Pin
11   -> * - * * * * * * * * * * * * * | * - | <-- g1
5    -> * * * * * * * * * * * * * * * | * * | <-- g2
6    -> * * * * * * * * * * * * * * * | * * | <-- g3
7    -> * * * * * * * * * * * * * * * | * * | <-- g4
9    -> * * * * * * * * * * * * * * * | * * | <-- g5
8    -> * * * * * * * * * * * * * * * | * * | <-- g6
4    -> * * * * * * * * * * * * * * * | * * | <-- g7
LC31 -> - * - - - - - - - - - - - - - | * - | <-- ~141~1
LC29 -> - * - - - - - - - - - - - - - | * - | <-- ~141~2
LC25 -> - * - - - - - - - - - - - - - | * - | <-- ~141~3
LC19 -> * - - - - - - - - - - - - - - | * - | <-- ~142~1
LC18 -> * - - - - - - - - - - - - - - | * - | <-- ~142~2
LC17 -> * - - - - - - - - - - - - - - | * - | <-- ~142~3
LC20 -> * - - - - - - - - - - - - - - | * - | <-- ~142~4
LC21 -> * - - - - - - - - - - - - - - | * - | <-- ~142~5
LC22 -> * - - - - - - - - - - - - - - | * - | <-- ~142~6


* = The logic cell or pin is an input to the logic cell (or LAB) through the PIA.
- = The logic cell or pin is not an input to the logic cell (or LAB).


Device-Specific Information:                d:\180905088_d1\week5\gray2bin.rpt
gray2bin

** LOGIC CELL INTERCONNECTIONS **

Logic Array Block 'B':

                                         Logic cells placed in LAB 'B'
        +------------------------------- LC30 b0
        | +----------------------------- LC23 b3
        | | +--------------------------- LC24 b4
        | | | +------------------------- LC26 b5
        | | | | +----------------------- LC27 b6
        | | | | | +--------------------- LC32 b7
        | | | | | | +------------------- LC28 ~140~1
        | | | | | | | +----------------- LC31 ~141~1
        | | | | | | | | +--------------- LC29 ~141~2
        | | | | | | | | | +------------- LC25 ~141~3
        | | | | | | | | | | +----------- LC19 ~142~1
        | | | | | | | | | | | +--------- LC18 ~142~2
        | | | | | | | | | | | | +------- LC17 ~142~3
        | | | | | | | | | | | | | +----- LC20 ~142~4
        | | | | | | | | | | | | | | +--- LC21 ~142~5
        | | | | | | | | | | | | | | | +- LC22 ~142~6
        | | | | | | | | | | | | | | | | 
        | | | | | | | | | | | | | | | |   Other LABs fed by signals
        | | | | | | | | | | | | | | | |   that feed LAB 'B'
LC      | | | | | | | | | | | | | | | | | A B |     Logic cells that feed LAB 'B':
LC28 -> - * - - - - - - - - - - - - - - | - * | <-- ~140~1

Pin
12   -> * - - - - - - - - - - - - - - - | - * | <-- g0
5    -> - - - - - - - - - - * * * * * * | * * | <-- g2
6    -> - * - - - - - * * * * * * * * * | * * | <-- g3
7    -> - * * - - - * * * * * * * * * * | * * | <-- g4
9    -> - * * * - - * * * * * * * * * * | * * | <-- g5
8    -> - * * * * - * * * * * * * * * * | * * | <-- g6
4    -> - * * * * * * * * * * * * * * * | * * | <-- g7
LC4  -> * - - - - - - - - - - - - - - - | - * | <-- ~143~1
LC10 -> * - - - - - - - - - - - - - - - | - * | <-- ~143~2
LC9  -> * - - - - - - - - - - - - - - - | - * | <-- ~143~3
LC3  -> * - - - - - - - - - - - - - - - | - * | <-- ~143~4
LC2  -> * - - - - - - - - - - - - - - - | - * | <-- ~143~5
LC1  -> * - - - - - - - - - - - - - - - | - * | <-- ~143~6
LC16 -> * - - - - - - - - - - - - - - - | - * | <-- ~143~7
LC12 -> * - - - - - - - - - - - - - - - | - * | <-- ~143~8
LC8  -> * - - - - - - - - - - - - - - - | - * | <-- ~143~9
LC7  -> * - - - - - - - - - - - - - - - | - * | <-- ~143~10
LC6  -> * - - - - - - - - - - - - - - - | - * | <-- ~143~11
LC5  -> * - - - - - - - - - - - - - - - | - * | <-- ~143~12
LC14 -> * - - - - - - - - - - - - - - - | - * | <-- ~143~13


* = The logic cell or pin is an input to the logic cell (or LAB) through the PIA.
- = The logic cell or pin is not an input to the logic cell (or LAB).


Device-Specific Information:                d:\180905088_d1\week5\gray2bin.rpt
gray2bin

** EQUATIONS **

g0       : INPUT;
g1       : INPUT;
g2       : INPUT;
g3       : INPUT;
g4       : INPUT;
g5       : INPUT;
g6       : INPUT;
g7       : INPUT;

-- Node name is 'b0' 
-- Equation name is 'b0', location is LC030, type is output.
 b0      = LCELL( _EQ001 $ !g0);
  _EQ001 = !_LC001 & !_LC002 & !_LC003 & !_LC004 & !_LC005 & !_LC006 & 
             !_LC007 & !_LC008 & !_LC009 & !_LC010 & !_LC012 & !_LC014 & 
             !_LC016;

-- Node name is 'b1' 
-- Equation name is 'b1', location is LC011, type is output.
 b1      = LCELL( _EQ002 $ !g1);
  _EQ002 = !_LC017 & !_LC018 & !_LC019 & !_LC020 & !_LC021 & !_LC022 &  _X001 & 
              _X002;
  _X001  = EXP(!g2 &  g3 & !g4 & !g5 & !g6 & !g7);
  _X002  = EXP( g2 & !g3 & !g4 & !g5 & !g6 & !g7);

-- Node name is 'b2' 
-- Equation name is 'b2', location is LC013, type is output.
 b2      = LCELL( _EQ003 $ !g2);
  _EQ003 = !_LC025 & !_LC029 & !_LC031 &  _X003;
  _X003  = EXP( g3 & !g4 & !g5 & !g6 & !g7);

-- Node name is 'b3' 
-- Equation name is 'b3', location is LC023, type is output.
 b3      = LCELL( _EQ004 $ !g3);
  _EQ004 = !_LC028 &  _X004 &  _X005 &  _X006;
  _X004  = EXP(!g4 & !g5 &  g6 & !g7);
  _X005  = EXP(!g4 &  g5 & !g6 & !g7);
  _X006  = EXP( g4 & !g5 & !g6 & !g7);

-- Node name is 'b4' 
-- Equation name is 'b4', location is LC024, type is output.
 b4      = LCELL( _EQ005 $  g4);
  _EQ005 =  g5 &  g6 &  g7
         # !g5 & !g6 &  g7
         # !g5 &  g6 & !g7
         #  g5 & !g6 & !g7;

-- Node name is 'b5' 
-- Equation name is 'b5', location is LC026, type is output.
 b5      = LCELL( _EQ006 $  g5);
  _EQ006 = !g6 &  g7
         #  g6 & !g7;

-- Node name is 'b6' 
-- Equation name is 'b6', location is LC027, type is output.
 b6      = LCELL( g7 $  g6);

-- Node name is 'b7' 
-- Equation name is 'b7', location is LC032, type is output.
 b7      = LCELL( g7 $  GND);

-- Node name is '~140~1' 
-- Equation name is '~140~1', location is LC028, type is buried.
-- synthesized logic cell 
_LC028   = LCELL( _EQ007 $  GND);
  _EQ007 = !g4 &  g5 &  g6 &  g7
         #  g4 & !g5 &  g6 &  g7
         #  g4 &  g5 & !g6 &  g7
         #  g4 &  g5 &  g6 & !g7
         # !g4 & !g5 & !g6 &  g7;

-- Node name is '~141~1' 
-- Equation name is '~141~1', location is LC031, type is buried.
-- synthesized logic cell 
_LC031   = LCELL( _EQ008 $  GND);
  _EQ008 =  g3 &  g4 &  g5 &  g6 &  g7
         # !g3 & !g4 &  g5 &  g6 &  g7
         # !g3 &  g4 & !g5 &  g6 &  g7
         # !g3 &  g4 &  g5 & !g6 &  g7
         # !g3 &  g4 &  g5 &  g6 & !g7;

-- Node name is '~141~2' 
-- Equation name is '~141~2', location is LC029, type is buried.
-- synthesized logic cell 
_LC029   = LCELL( _EQ009 $  GND);
  _EQ009 =  g3 & !g4 & !g5 &  g6 &  g7
         #  g3 & !g4 &  g5 & !g6 &  g7
         #  g3 & !g4 &  g5 &  g6 & !g7
         #  g3 &  g4 & !g5 & !g6 &  g7
         #  g3 &  g4 & !g5 &  g6 & !g7;

-- Node name is '~141~3' 
-- Equation name is '~141~3', location is LC025, type is buried.
-- synthesized logic cell 
_LC025   = LCELL( _EQ010 $  GND);
  _EQ010 =  g3 &  g4 &  g5 & !g6 & !g7
         # !g3 & !g4 & !g5 & !g6 &  g7
         # !g3 & !g4 & !g5 &  g6 & !g7
         # !g3 & !g4 &  g5 & !g6 & !g7
         # !g3 &  g4 & !g5 & !g6 & !g7;

-- Node name is '~142~1' 
-- Equation name is '~142~1', location is LC019, type is buried.
-- synthesized logic cell 
_LC019   = LCELL( _EQ011 $  GND);
  _EQ011 = !g2 &  g3 &  g4 &  g5 &  g6 &  g7
         #  g2 & !g3 &  g4 &  g5 &  g6 &  g7
         #  g2 &  g3 & !g4 &  g5 &  g6 &  g7
         #  g2 &  g3 &  g4 & !g5 &  g6 &  g7
         #  g2 &  g3 &  g4 &  g5 & !g6 &  g7;

-- Node name is '~142~2' 
-- Equation name is '~142~2', location is LC018, type is buried.
-- synthesized logic cell 
_LC018   = LCELL( _EQ012 $  GND);
  _EQ012 =  g2 &  g3 &  g4 &  g5 &  g6 & !g7
         # !g2 & !g3 & !g4 &  g5 &  g6 &  g7
         # !g2 & !g3 &  g4 & !g5 &  g6 &  g7
         # !g2 & !g3 &  g4 &  g5 & !g6 &  g7
         # !g2 & !g3 &  g4 &  g5 &  g6 & !g7;

-- Node name is '~142~3' 
-- Equation name is '~142~3', location is LC017, type is buried.
-- synthesized logic cell 
_LC017   = LCELL( _EQ013 $  GND);
  _EQ013 = !g2 &  g3 & !g4 & !g5 &  g6 &  g7
         # !g2 &  g3 & !g4 &  g5 & !g6 &  g7
         # !g2 &  g3 & !g4 &  g5 &  g6 & !g7
         # !g2 &  g3 &  g4 & !g5 & !g6 &  g7
         # !g2 &  g3 &  g4 & !g5 &  g6 & !g7;

-- Node name is '~142~4' 
-- Equation name is '~142~4', location is LC020, type is buried.
-- synthesized logic cell 
_LC020   = LCELL( _EQ014 $  GND);
  _EQ014 = !g2 &  g3 &  g4 &  g5 & !g6 & !g7
         #  g2 & !g3 & !g4 & !g5 &  g6 &  g7
         #  g2 & !g3 & !g4 &  g5 & !g6 &  g7
         #  g2 & !g3 &  g4 & !g5 & !g6 &  g7
         #  g2 & !g3 & !g4 &  g5 &  g6 & !g7;

-- Node name is '~142~5' 
-- Equation name is '~142~5', location is LC021, type is buried.
-- synthesized logic cell 
_LC021   = LCELL( _EQ015 $  GND);
  _EQ015 =  g2 & !g3 &  g4 & !g5 &  g6 & !g7
         #  g2 & !g3 &  g4 &  g5 & !g6 & !g7
         #  g2 &  g3 & !g4 & !g5 & !g6 &  g7
         #  g2 &  g3 & !g4 & !g5 &  g6 & !g7
         #  g2 &  g3 & !g4 &  g5 & !g6 & !g7;

-- Node name is '~142~6' 
-- Equation name is '~142~6', location is LC022, type is buried.
-- synthesized logic cell 
_LC022   = LCELL( _EQ016 $  GND);
  _EQ016 =  g2 &  g3 &  g4 & !g5 & !g6 & !g7
         # !g2 & !g3 & !g4 & !g5 & !g6 &  g7
         # !g2 & !g3 & !g4 & !g5 &  g6 & !g7
         # !g2 & !g3 & !g4 &  g5 & !g6 & !g7
         # !g2 & !g3 &  g4 & !g5 & !g6 & !g7;

-- Node name is '~143~1' 
-- Equation name is '~143~1', location is LC004, type is buried.
-- synthesized logic cell 
_LC004   = LCELL( _EQ017 $  GND);
  _EQ017 =  g1 &  g2 &  g3 &  g4 &  g5 &  g6 &  g7
         # !g1 & !g2 &  g3 &  g4 &  g5 &  g6 &  g7
         # !g1 &  g2 & !g3 &  g4 &  g5 &  g6 &  g7
         # !g1 &  g2 &  g3 & !g4 &  g5 &  g6 &  g7
         # !g1 &  g2 &  g3 &  g4 & !g5 &  g6 &  g7;

-- Node name is '~143~2' 
-- Equation name is '~143~2', location is LC010, type is buried.
-- synthesized logic cell 
_LC010   = LCELL( _EQ018 $  GND);
  _EQ018 = !g1 &  g2 &  g3 &  g4 &  g5 & !g6 &  g7
         # !g1 &  g2 &  g3 &  g4 &  g5 &  g6 & !g7
         #  g1 & !g2 & !g3 &  g4 &  g5 &  g6 &  g7
         #  g1 & !g2 &  g3 & !g4 &  g5 &  g6 &  g7
         #  g1 & !g2 &  g3 &  g4 & !g5 &  g6 &  g7;

-- Node name is '~143~3' 
-- Equation name is '~143~3', location is LC009, type is buried.
-- synthesized logic cell 
_LC009   = LCELL( _EQ019 $  GND);
  _EQ019 =  g1 &  g2 & !g3 & !g4 &  g5 &  g6 &  g7
         #  g1 &  g2 & !g3 &  g4 & !g5 &  g6 &  g7
         #  g1 &  g2 &  g3 & !g4 & !g5 &  g6 &  g7
         #  g1 & !g2 &  g3 &  g4 &  g5 & !g6 &  g7
         #  g1 &  g2 & !g3 &  g4 &  g5 & !g6 &  g7;

-- Node name is '~143~4' 
-- Equation name is '~143~4', location is LC003, type is buried.
-- synthesized logic cell 
_LC003   = LCELL( _EQ020 $  GND);
  _EQ020 =  g1 &  g2 &  g3 & !g4 &  g5 & !g6 &  g7
         #  g1 &  g2 &  g3 &  g4 & !g5 & !g6 &  g7
         #  g1 & !g2 &  g3 &  g4 &  g5 &  g6 & !g7
         #  g1 &  g2 & !g3 &  g4 &  g5 &  g6 & !g7
         #  g1 &  g2 &  g3 & !g4 &  g5 &  g6 & !g7;

-- Node name is '~143~5' 
-- Equation name is '~143~5', location is LC002, type is buried.
-- synthesized logic cell 
_LC002   = LCELL( _EQ021 $  GND);
  _EQ021 =  g1 &  g2 &  g3 &  g4 & !g5 &  g6 & !g7
         #  g1 &  g2 &  g3 &  g4 &  g5 & !g6 & !g7
         # !g1 & !g2 & !g3 & !g4 &  g5 &  g6 &  g7
         # !g1 & !g2 & !g3 &  g4 & !g5 &  g6 &  g7
         # !g1 & !g2 & !g3 &  g4 &  g5 & !g6 &  g7;

-- Node name is '~143~6' 
-- Equation name is '~143~6', location is LC001, type is buried.
-- synthesized logic cell 
_LC001   = LCELL( _EQ022 $  GND);
  _EQ022 = !g1 & !g2 & !g3 &  g4 &  g5 &  g6 & !g7
         # !g1 & !g2 &  g3 & !g4 & !g5 &  g6 &  g7
         # !g1 & !g2 &  g3 & !g4 &  g5 & !g6 &  g7
         # !g1 & !g2 &  g3 & !g4 &  g5 &  g6 & !g7
         # !g1 & !g2 &  g3 &  g4 & !g5 & !g6 &  g7;

-- Node name is '~143~7' 
-- Equation name is '~143~7', location is LC016, type is buried.
-- synthesized logic cell 
_LC016   = LCELL( _EQ023 $  GND);
  _EQ023 = !g1 & !g2 &  g3 &  g4 & !g5 &  g6 & !g7
         # !g1 & !g2 &  g3 &  g4 &  g5 & !g6 & !g7
         # !g1 &  g2 & !g3 & !g4 & !g5 &  g6 &  g7
         # !g1 &  g2 & !g3 & !g4 &  g5 & !g6 &  g7
         # !g1 &  g2 & !g3 &  g4 & !g5 & !g6 &  g7;

-- Node name is '~143~8' 
-- Equation name is '~143~8', location is LC012, type is buried.
-- synthesized logic cell 
_LC012   = LCELL( _EQ024 $  GND);
  _EQ024 = !g1 &  g2 & !g3 & !g4 &  g5 &  g6 & !g7
         # !g1 &  g2 & !g3 &  g4 & !g5 &  g6 & !g7
         # !g1 &  g2 & !g3 &  g4 &  g5 & !g6 & !g7
         # !g1 &  g2 &  g3 & !g4 & !g5 & !g6 &  g7
         # !g1 &  g2 &  g3 & !g4 & !g5 &  g6 & !g7;

-- Node name is '~143~9' 
-- Equation name is '~143~9', location is LC008, type is buried.
-- synthesized logic cell 
_LC008   = LCELL( _EQ025 $  GND);
  _EQ025 = !g1 &  g2 &  g3 & !g4 &  g5 & !g6 & !g7
         # !g1 &  g2 &  g3 &  g4 & !g5 & !g6 & !g7
         #  g1 & !g2 & !g3 & !g4 & !g5 &  g6 &  g7
         #  g1 & !g2 & !g3 & !g4 &  g5 & !g6 &  g7
         #  g1 & !g2 & !g3 &  g4 & !g5 & !g6 &  g7;

-- Node name is '~143~10' 
-- Equation name is '~143~10', location is LC007, type is buried.
-- synthesized logic cell 
_LC007   = LCELL( _EQ026 $  GND);
  _EQ026 =  g1 & !g2 &  g3 & !g4 & !g5 & !g6 &  g7
         #  g1 & !g2 & !g3 & !g4 &  g5 &  g6 & !g7
         #  g1 & !g2 & !g3 &  g4 & !g5 &  g6 & !g7
         #  g1 & !g2 &  g3 & !g4 & !g5 &  g6 & !g7
         #  g1 & !g2 & !g3 &  g4 &  g5 & !g6 & !g7;

-- Node name is '~143~11' 
-- Equation name is '~143~11', location is LC006, type is buried.
-- synthesized logic cell 
_LC006   = LCELL( _EQ027 $  GND);
  _EQ027 =  g1 & !g2 &  g3 & !g4 &  g5 & !g6 & !g7
         #  g1 & !g2 &  g3 &  g4 & !g5 & !g6 & !g7
         #  g1 &  g2 & !g3 & !g4 & !g5 & !g6 &  g7
         #  g1 &  g2 & !g3 & !g4 & !g5 &  g6 & !g7
         #  g1 &  g2 & !g3 & !g4 &  g5 & !g6 & !g7;

-- Node name is '~143~12' 
-- Equation name is '~143~12', location is LC005, type is buried.
-- synthesized logic cell 
_LC005   = LCELL( _EQ028 $  GND);
  _EQ028 =  g1 &  g2 & !g3 &  g4 & !g5 & !g6 & !g7
         #  g1 &  g2 &  g3 & !g4 & !g5 & !g6 & !g7
         # !g1 & !g2 & !g3 & !g4 & !g5 & !g6 &  g7
         # !g1 & !g2 & !g3 & !g4 & !g5 &  g6 & !g7
         # !g1 & !g2 & !g3 & !g4 &  g5 & !g6 & !g7;

-- Node name is '~143~13' 
-- Equation name is '~143~13', location is LC014, type is buried.
-- synthesized logic cell 
_LC014   = LCELL( _EQ029 $  GND);
  _EQ029 = !g1 & !g2 & !g3 &  g4 & !g5 & !g6 & !g7
         # !g1 & !g2 &  g3 & !g4 & !g5 & !g6 & !g7
         # !g1 &  g2 & !g3 & !g4 & !g5 & !g6 & !g7
         #  g1 & !g2 & !g3 & !g4 & !g5 & !g6 & !g7;



--     Shareable expanders that are duplicated in multiple LABs:
--     (none)




Project Information                         d:\180905088_d1\week5\gray2bin.rpt

** COMPILATION SETTINGS & TIMES **

Processing Menu Commands
------------------------

Design Doctor                             = off

Logic Synthesis:

   Synthesis Type Used                    = Standard

   Default Synthesis Style                = NORMAL

      Logic option settings in 'NORMAL' style for 'MAX7000' family

      DECOMPOSE_GATES                     = on
      DUPLICATE_LOGIC_EXTRACTION          = on
      MINIMIZATION                        = full
      MULTI_LEVEL_FACTORING               = on
      NOT_GATE_PUSH_BACK                  = on
      PARALLEL_EXPANDERS                  = off
      REDUCE_LOGIC                        = on
      REFACTORIZATION                     = on
      REGISTER_OPTIMIZATION               = on
      RESYNTHESIZE_NETWORK                = on
      SLOW_SLEW_RATE                      = off
      SOFT_BUFFER_INSERTION               = on
      SUBFACTOR_EXTRACTION                = on
      TURBO_BIT                           = on
      XOR_SYNTHESIS                       = on
      IGNORE_SOFT_BUFFERS                 = off
      USE_LPM_FOR_AHDL_OPERATORS          = off

   Other logic synthesis settings:

      Automatic Global Clock              = on
      Automatic Global Clear              = on
      Automatic Global Preset             = on
      Automatic Global Output Enable      = on
      Automatic Fast I/O                  = off
      Automatic Register Packing          = off
      Automatic Open-Drain Pins           = on
      Automatic Implement in EAB          = off
      One-Hot State Machine Encoding      = off
      Optimize                            = 5

Default Timing Specifications: None

Cut All Bidir Feedback Timing Paths       = on
Cut All Clear & Preset Timing Paths       = on

Ignore Timing Assignments                 = on

Functional SNF Extractor                  = off

Linked SNF Extractor                      = off
Timing SNF Extractor                      = on
Optimize Timing SNF                       = off
Generate AHDL TDO File                    = off
Fitter Settings                           = NORMAL
Smart Recompile                           = off
Total Recompile                           = off

Interfaces Menu Commands
------------------------

EDIF Netlist Writer                       = off
Verilog Netlist Writer                    = off
VHDL Netlist Writer                       = off

Compilation Times
-----------------

   Compiler Netlist Extractor             00:00:00
   Database Builder                       00:00:00
   Logic Synthesizer                      00:00:00
   Partitioner                            00:00:01
   Fitter                                 00:00:00
   Timing SNF Extractor                   00:00:00
   Assembler                              00:00:00
   --------------------------             --------
   Total Time                             00:00:01


Memory Allocated
-----------------

Peak memory allocated during compilation  = 3,679K
