


ARM Macro Assembler    Page 1 


    1 00000000                 AREA             RESET, DATA, READONLY
    2 00000000                 EXPORT           __Vectors
    3 00000000         __Vectors
    4 00000000 40001000        DCD              0X40001000
    5 00000004 00000000        DCD              Reset_Handler
    6 00000008                 ALIGN
    7 00000008                 AREA             mycode, CODE, READONLY
    8 00000000                 ENTRY
    9 00000000                 EXPORT           Reset_Handler
   10 00000000         Reset_Handler
   11 00000000 4807            LDR              R0,=SRC
   12 00000002 4907            LDR              R1,=SRC
   13 00000004 F101 0124       ADD              R1,#36
   14 00000008 F04F 0505       MOV              R5,#5
   15 0000000C 6802    LP      LDR              R2,[R0]
   16 0000000E 680B            LDR              R3,[R1]
   17 00000010 F841 2904       STR              R2,[R1],#-4
   18 00000014 F840 3B04       STR              R3,[R0],#4
   19 00000018 3D01            SUBS             R5,#1
   20 0000001A D1F7            BNE              LP
   21 0000001C         STOP
   22 0000001C E7FE            B                STOP
   23 0000001E 00 00 00000000 
              00000000         AREA             mydata, DATA, READWRITE
   24 00000000 00000001 
              00000002 
              00000003 
              00000004 
              00000005 
              00000006 
              00000007 
              00000008 
              00000009 
              0000000A SRC     DCD              01,02,03,04,05,06,07,08,09,10
   25 00000028                 END
Command Line: --debug --xref --cpu=Cortex-M3 --apcs=interwork --depend=.\prg5.d
 -o.\prg5.o -IC:\Keil\ARM\RV31\INC -IC:\Keil\ARM\CMSIS\Include -IC:\Keil\ARM\In
c\NXP\LPC17xx --predefine="__EVAL SETA 1" --list=.\prg5.lst prg5.s



ARM Macro Assembler    Page 1 Alphabetic symbol ordering
Relocatable symbols

RESET 00000000

Symbol: RESET
   Definitions
      At line 1 in file prg5.s
   Uses
      None
Comment: RESET unused
__Vectors 00000000

Symbol: __Vectors
   Definitions
      At line 3 in file prg5.s
   Uses
      At line 2 in file prg5.s
Comment: __Vectors used once
2 symbols



ARM Macro Assembler    Page 1 Alphabetic symbol ordering
Relocatable symbols

LP 0000000C

Symbol: LP
   Definitions
      At line 15 in file prg5.s
   Uses
      At line 20 in file prg5.s
Comment: LP used once
Reset_Handler 00000000

Symbol: Reset_Handler
   Definitions
      At line 10 in file prg5.s
   Uses
      At line 5 in file prg5.s
      At line 9 in file prg5.s

STOP 0000001C

Symbol: STOP
   Definitions
      At line 21 in file prg5.s
   Uses
      At line 22 in file prg5.s
Comment: STOP used once
mycode 00000000

Symbol: mycode
   Definitions
      At line 7 in file prg5.s
   Uses
      None
Comment: mycode unused
4 symbols



ARM Macro Assembler    Page 1 Alphabetic symbol ordering
Relocatable symbols

SRC 00000000

Symbol: SRC
   Definitions
      At line 24 in file prg5.s
   Uses
      At line 11 in file prg5.s
      At line 12 in file prg5.s

mydata 00000000

Symbol: mydata
   Definitions
      At line 23 in file prg5.s
   Uses
      None
Comment: mydata unused
2 symbols
341 symbols in table
