Project Information                          d:\180905088_d1\week8\lab8ex3.rpt

MAX+plus II Compiler Report File
Version 10.2 07/10/2002
Compiled: 09/28/2019 16:51:51

Copyright (C) 1988-2002 Altera Corporation
Any megafunction design, and related net list (encrypted or decrypted),
support information, device programming or simulation file, and any other
associated documentation or information provided by Altera or a partner
under Altera's Megafunction Partnership Program may be used only to
program PLD devices (but not masked PLD devices) from Altera.  Any other
use of such megafunction design, net list, support information, device
programming or simulation file, or any other related documentation or
information is prohibited for any other purpose, including, but not
limited to modification, reverse engineering, de-compiling, or use with
any other silicon devices, unless such use is explicitly licensed under
a separate agreement with Altera or a megafunction partner.  Title to
the intellectual property, including patents, copyrights, trademarks,
trade secrets, or maskworks, embodied in any such megafunction design,
net list, support information, device programming or simulation file, or
any other related documentation or information provided by Altera or a
megafunction partner, remains with Altera, the megafunction partner, or
their respective licensors.  No other licenses, including any licenses
needed under any third party's intellectual property, are provided herein.



***** Project compilation was successful




** DEVICE SUMMARY **

Chip/                     Input   Output   Bidir         Shareable
POF       Device          Pins    Pins     Pins     LCs  Expanders  % Utilized

lab8ex3   EPM7032LC44-6    5        16       0      20      8           62 %

User Pins:                 5        16       0  



Project Information                          d:\180905088_d1\week8\lab8ex3.rpt

** FILE HIERARCHY **



|dec2to43:stage0|
|dec2to43:stage1|
|dec2to43:stage2|
|dec2to43:stage3|
|dec2to43:stage4|


Device-Specific Information:                 d:\180905088_d1\week8\lab8ex3.rpt
lab8ex3

***** Logic for device 'lab8ex3' compiled without errors.




Device: EPM7032LC44-6

Device Options:
    Turbo Bit                                    = ON
    Security Bit                                 = OFF

                                               
                                               
                                               
                                               
                                               
                       V  G  G  G  G  G        
              w  w  w  C  N  N  N  N  N  y  y  
              2  1  0  C  D  D  D  D  D  5  6  
            -----------------------------------_ 
          /   6  5  4  3  2  1 44 43 42 41 40   | 
      en |  7                                39 | y7 
      w3 |  8                                38 | RESERVED 
     y13 |  9                                37 | y8 
     GND | 10                                36 | y11 
     y12 | 11                                35 | VCC 
     y15 | 12         EPM7032LC44-6          34 | y9 
     y14 | 13                                33 | y4 
RESERVED | 14                                32 | y3 
     VCC | 15                                31 | y10 
RESERVED | 16                                30 | GND 
RESERVED | 17                                29 | y0 
         |_  18 19 20 21 22 23 24 25 26 27 28  _| 
           ------------------------------------ 
              R  R  R  R  G  V  y  R  R  R  y  
              E  E  E  E  N  C  2  E  E  E  1  
              S  S  S  S  D  C     S  S  S     
              E  E  E  E           E  E  E     
              R  R  R  R           R  R  R     
              V  V  V  V           V  V  V     
              E  E  E  E           E  E  E     
              D  D  D  D           D  D  D     


N.C. = No Connect. This pin has no internal connection to the device.
VCC = Dedicated power pin, which MUST be connected to VCC.
GND = Dedicated ground pin or unused dedicated input, which MUST be connected to GND.
RESERVED = Unused I/O pin, which MUST be left unconnected.



Device-Specific Information:                 d:\180905088_d1\week8\lab8ex3.rpt
lab8ex3

** RESOURCE USAGE **

                                                Shareable     External
Logic Array Block     Logic Cells   I/O Pins    Expanders   Interconnect

A:     LC1 - LC16     4/16( 25%)   9/16( 56%)   4/16( 25%)   3/36(  8%) 
B:    LC17 - LC32    16/16(100%)  12/16( 75%)   4/16( 25%)   8/36( 22%) 


Total dedicated input pins used:                 0/4      (  0%)
Total I/O pins used:                            21/32     ( 65%)
Total logic cells used:                         20/32     ( 62%)
Total shareable expanders used:                  8/32     ( 25%)
Total Turbo logic cells used:                   20/32     ( 62%)
Total shareable expanders not available (n/a):   0/32     (  0%)
Average fan-in:                                  3.00
Total fan-in:                                    60

Total input pins required:                       5
Total output pins required:                     16
Total bidirectional pins required:               0
Total logic cells required:                     20
Total flipflops required:                        0
Total product terms required:                   44
Total logic cells lending parallel expanders:    0
Total shareable expanders in database:           4

Synthesized logic cells:                         4/  32   ( 12%)



Device-Specific Information:                 d:\180905088_d1\week8\lab8ex3.rpt
lab8ex3

** INPUTS **

                                         Shareable
                                         Expanders     Fan-In    Fan-Out
 Pin     LC  LAB  Primitive    Code   Total Shared n/a INP  FBK  OUT  FBK  Name
   7    (4)  (A)      INPUT               0      0   0    0    0    0    4  en
   4    (1)  (A)      INPUT               0      0   0    0    0   16    0  w0
   5    (2)  (A)      INPUT               0      0   0    0    0   16    0  w1
   6    (3)  (A)      INPUT               0      0   0    0    0    0    4  w2
   8    (5)  (A)      INPUT               0      0   0    0    0    0    4  w3


Code:

s = Synthesized pin or logic cell
t = Turbo logic cell
+ = Synchronous flipflop
! = NOT gate push-back
r = Fitter-inserted logic cell


Device-Specific Information:                 d:\180905088_d1\week8\lab8ex3.rpt
lab8ex3

** OUTPUTS **

                                         Shareable
                                         Expanders     Fan-In    Fan-Out
 Pin     LC  LAB  Primitive    Code   Total Shared n/a INP  FBK  OUT  FBK  Name
  29     27    B     OUTPUT      t        1      1   0    2    1    0    0  y0
  28     28    B     OUTPUT      t        1      1   0    2    1    0    0  y1
  24     32    B     OUTPUT      t        1      1   0    2    1    0    0  y2
  32     25    B     OUTPUT      t        1      1   0    2    1    0    0  y3
  33     24    B     OUTPUT      t        1      1   0    2    1    0    0  y4
  41     17    B     OUTPUT      t        1      1   0    2    1    0    0  y5
  40     18    B     OUTPUT      t        1      1   0    2    1    0    0  y6
  39     19    B     OUTPUT      t        1      1   0    2    1    0    0  y7
  37     21    B     OUTPUT      t        1      1   0    2    1    0    0  y8
  34     23    B     OUTPUT      t        1      1   0    2    1    0    0  y9
  31     26    B     OUTPUT      t        1      1   0    2    1    0    0  y10
  36     22    B     OUTPUT      t        1      1   0    2    1    0    0  y11
  11      7    A     OUTPUT      t        1      1   0    2    1    0    0  y12
   9      6    A     OUTPUT      t        1      1   0    2    1    0    0  y13
  13      9    A     OUTPUT      t        1      1   0    2    1    0    0  y14
  12      8    A     OUTPUT      t        1      1   0    2    1    0    0  y15


Code:

s = Synthesized pin or logic cell
t = Turbo logic cell
+ = Synchronous flipflop
! = NOT gate push-back
r = Fitter-inserted logic cell


Device-Specific Information:                 d:\180905088_d1\week8\lab8ex3.rpt
lab8ex3

** BURIED LOGIC **

                                         Shareable
                                         Expanders     Fan-In    Fan-Out
 Pin     LC  LAB  Primitive    Code   Total Shared n/a INP  FBK  OUT  FBK  Name
 (38)    20    B      LCELL    s t        0      0   0    3    0    4    0  |dec2to43:stage0|~62~1
 (27)    29    B      LCELL    s t        0      0   0    3    0    4    0  |dec2to43:stage0|~63~1
 (26)    30    B      LCELL    s t        0      0   0    3    0    4    0  |dec2to43:stage0|~64~1
 (25)    31    B      LCELL    s t        0      0   0    3    0    4    0  |dec2to43:stage0|~65~1


Code:

s = Synthesized pin or logic cell
t = Turbo logic cell
+ = Synchronous flipflop
! = NOT gate push-back
r = Fitter-inserted logic cell


Device-Specific Information:                 d:\180905088_d1\week8\lab8ex3.rpt
lab8ex3

** LOGIC CELL INTERCONNECTIONS **

Logic Array Block 'A':

                 Logic cells placed in LAB 'A'
        +------- LC7 y12
        | +----- LC6 y13
        | | +--- LC9 y14
        | | | +- LC8 y15
        | | | | 
        | | | |   Other LABs fed by signals
        | | | |   that feed LAB 'A'
LC      | | | | | A B |     Logic cells that feed LAB 'A':

Pin
4    -> * * * * | * * | <-- w0
5    -> * * * * | * * | <-- w1
LC20 -> * * * * | * - | <-- |dec2to43:stage0|~62~1


* = The logic cell or pin is an input to the logic cell (or LAB) through the PIA.
- = The logic cell or pin is not an input to the logic cell (or LAB).


Device-Specific Information:                 d:\180905088_d1\week8\lab8ex3.rpt
lab8ex3

** LOGIC CELL INTERCONNECTIONS **

Logic Array Block 'B':

                                         Logic cells placed in LAB 'B'
        +------------------------------- LC20 |dec2to43:stage0|~62~1
        | +----------------------------- LC29 |dec2to43:stage0|~63~1
        | | +--------------------------- LC30 |dec2to43:stage0|~64~1
        | | | +------------------------- LC31 |dec2to43:stage0|~65~1
        | | | | +----------------------- LC27 y0
        | | | | | +--------------------- LC28 y1
        | | | | | | +------------------- LC32 y2
        | | | | | | | +----------------- LC25 y3
        | | | | | | | | +--------------- LC24 y4
        | | | | | | | | | +------------- LC17 y5
        | | | | | | | | | | +----------- LC18 y6
        | | | | | | | | | | | +--------- LC19 y7
        | | | | | | | | | | | | +------- LC21 y8
        | | | | | | | | | | | | | +----- LC23 y9
        | | | | | | | | | | | | | | +--- LC26 y10
        | | | | | | | | | | | | | | | +- LC22 y11
        | | | | | | | | | | | | | | | | 
        | | | | | | | | | | | | | | | |   Other LABs fed by signals
        | | | | | | | | | | | | | | | |   that feed LAB 'B'
LC      | | | | | | | | | | | | | | | | | A B |     Logic cells that feed LAB 'B':
LC29 -> - - - - - - - - - - - - * * * * | - * | <-- |dec2to43:stage0|~63~1
LC30 -> - - - - - - - - * * * * - - - - | - * | <-- |dec2to43:stage0|~64~1
LC31 -> - - - - * * * * - - - - - - - - | - * | <-- |dec2to43:stage0|~65~1

Pin
7    -> * * * * - - - - - - - - - - - - | - * | <-- en
4    -> - - - - * * * * * * * * * * * * | * * | <-- w0
5    -> - - - - * * * * * * * * * * * * | * * | <-- w1
6    -> * * * * - - - - - - - - - - - - | - * | <-- w2
8    -> * * * * - - - - - - - - - - - - | - * | <-- w3


* = The logic cell or pin is an input to the logic cell (or LAB) through the PIA.
- = The logic cell or pin is not an input to the logic cell (or LAB).


Device-Specific Information:                 d:\180905088_d1\week8\lab8ex3.rpt
lab8ex3

** EQUATIONS **

en       : INPUT;
w0       : INPUT;
w1       : INPUT;
w2       : INPUT;
w3       : INPUT;

-- Node name is 'y0' 
-- Equation name is 'y0', location is LC027, type is output.
 y0      = LCELL( _EQ001 $  _LC031);
  _EQ001 = !_LC031 &  _X001;
  _X001  = EXP(!w0 & !w1);

-- Node name is 'y1' 
-- Equation name is 'y1', location is LC028, type is output.
 y1      = LCELL( _EQ002 $  _LC031);
  _EQ002 = !_LC031 &  _X002;
  _X002  = EXP( w0 & !w1);

-- Node name is 'y2' 
-- Equation name is 'y2', location is LC032, type is output.
 y2      = LCELL( _EQ003 $  _LC031);
  _EQ003 = !_LC031 &  _X003;
  _X003  = EXP(!w0 &  w1);

-- Node name is 'y3' 
-- Equation name is 'y3', location is LC025, type is output.
 y3      = LCELL( _EQ004 $  _LC031);
  _EQ004 = !_LC031 &  _X004;
  _X004  = EXP( w0 &  w1);

-- Node name is 'y4' 
-- Equation name is 'y4', location is LC024, type is output.
 y4      = LCELL( _EQ005 $  _LC030);
  _EQ005 = !_LC030 &  _X001;
  _X001  = EXP(!w0 & !w1);

-- Node name is 'y5' 
-- Equation name is 'y5', location is LC017, type is output.
 y5      = LCELL( _EQ006 $  _LC030);
  _EQ006 = !_LC030 &  _X002;
  _X002  = EXP( w0 & !w1);

-- Node name is 'y6' 
-- Equation name is 'y6', location is LC018, type is output.
 y6      = LCELL( _EQ007 $  _LC030);
  _EQ007 = !_LC030 &  _X003;
  _X003  = EXP(!w0 &  w1);

-- Node name is 'y7' 
-- Equation name is 'y7', location is LC019, type is output.
 y7      = LCELL( _EQ008 $  _LC030);
  _EQ008 = !_LC030 &  _X004;
  _X004  = EXP( w0 &  w1);

-- Node name is 'y8' 
-- Equation name is 'y8', location is LC021, type is output.
 y8      = LCELL( _EQ009 $  _LC029);
  _EQ009 = !_LC029 &  _X001;
  _X001  = EXP(!w0 & !w1);

-- Node name is 'y9' 
-- Equation name is 'y9', location is LC023, type is output.
 y9      = LCELL( _EQ010 $  _LC029);
  _EQ010 = !_LC029 &  _X002;
  _X002  = EXP( w0 & !w1);

-- Node name is 'y10' 
-- Equation name is 'y10', location is LC026, type is output.
 y10     = LCELL( _EQ011 $  _LC029);
  _EQ011 = !_LC029 &  _X003;
  _X003  = EXP(!w0 &  w1);

-- Node name is 'y11' 
-- Equation name is 'y11', location is LC022, type is output.
 y11     = LCELL( _EQ012 $  _LC029);
  _EQ012 = !_LC029 &  _X004;
  _X004  = EXP( w0 &  w1);

-- Node name is 'y12' 
-- Equation name is 'y12', location is LC007, type is output.
 y12     = LCELL( _EQ013 $  _LC020);
  _EQ013 = !_LC020 &  _X001;
  _X001  = EXP(!w0 & !w1);

-- Node name is 'y13' 
-- Equation name is 'y13', location is LC006, type is output.
 y13     = LCELL( _EQ014 $  _LC020);
  _EQ014 = !_LC020 &  _X002;
  _X002  = EXP( w0 & !w1);

-- Node name is 'y14' 
-- Equation name is 'y14', location is LC009, type is output.
 y14     = LCELL( _EQ015 $  _LC020);
  _EQ015 = !_LC020 &  _X003;
  _X003  = EXP(!w0 &  w1);

-- Node name is 'y15' 
-- Equation name is 'y15', location is LC008, type is output.
 y15     = LCELL( _EQ016 $  _LC020);
  _EQ016 = !_LC020 &  _X004;
  _X004  = EXP( w0 &  w1);

-- Node name is '|dec2to43:stage0|~62~1' 
-- Equation name is '_LC020', type is buried 
-- synthesized logic cell 
_LC020   = LCELL( _EQ017 $  VCC);
  _EQ017 =  en &  w2 &  w3;

-- Node name is '|dec2to43:stage0|~63~1' 
-- Equation name is '_LC029', type is buried 
-- synthesized logic cell 
_LC029   = LCELL( _EQ018 $  VCC);
  _EQ018 =  en & !w2 &  w3;

-- Node name is '|dec2to43:stage0|~64~1' 
-- Equation name is '_LC030', type is buried 
-- synthesized logic cell 
_LC030   = LCELL( _EQ019 $  VCC);
  _EQ019 =  en &  w2 & !w3;

-- Node name is '|dec2to43:stage0|~65~1' 
-- Equation name is '_LC031', type is buried 
-- synthesized logic cell 
_LC031   = LCELL( _EQ020 $  VCC);
  _EQ020 =  en & !w2 & !w3;



--     Shareable expanders that are duplicated in multiple LABs:
--    _X001 occurs in LABs A, B
--    _X002 occurs in LABs A, B
--    _X003 occurs in LABs A, B
--    _X004 occurs in LABs A, B




Project Information                          d:\180905088_d1\week8\lab8ex3.rpt

** COMPILATION SETTINGS & TIMES **

Processing Menu Commands
------------------------

Design Doctor                             = off

Logic Synthesis:

   Synthesis Type Used                    = Standard

   Default Synthesis Style                = NORMAL

      Logic option settings in 'NORMAL' style for 'MAX7000' family

      DECOMPOSE_GATES                     = on
      DUPLICATE_LOGIC_EXTRACTION          = on
      MINIMIZATION                        = full
      MULTI_LEVEL_FACTORING               = on
      NOT_GATE_PUSH_BACK                  = on
      PARALLEL_EXPANDERS                  = off
      REDUCE_LOGIC                        = on
      REFACTORIZATION                     = on
      REGISTER_OPTIMIZATION               = on
      RESYNTHESIZE_NETWORK                = on
      SLOW_SLEW_RATE                      = off
      SOFT_BUFFER_INSERTION               = on
      SUBFACTOR_EXTRACTION                = on
      TURBO_BIT                           = on
      XOR_SYNTHESIS                       = on
      IGNORE_SOFT_BUFFERS                 = off
      USE_LPM_FOR_AHDL_OPERATORS          = off

   Other logic synthesis settings:

      Automatic Global Clock              = on
      Automatic Global Clear              = on
      Automatic Global Preset             = on
      Automatic Global Output Enable      = on
      Automatic Fast I/O                  = off
      Automatic Register Packing          = off
      Automatic Open-Drain Pins           = on
      Automatic Implement in EAB          = off
      One-Hot State Machine Encoding      = off
      Optimize                            = 5

Default Timing Specifications: None

Cut All Bidir Feedback Timing Paths       = on
Cut All Clear & Preset Timing Paths       = on

Ignore Timing Assignments                 = on

Functional SNF Extractor                  = off

Linked SNF Extractor                      = off
Timing SNF Extractor                      = on
Optimize Timing SNF                       = off
Generate AHDL TDO File                    = off
Fitter Settings                           = NORMAL
Smart Recompile                           = off
Total Recompile                           = off

Interfaces Menu Commands
------------------------

EDIF Netlist Writer                       = off
Verilog Netlist Writer                    = off
VHDL Netlist Writer                       = off

Compilation Times
-----------------

   Compiler Netlist Extractor             00:00:00
   Database Builder                       00:00:00
   Logic Synthesizer                      00:00:00
   Partitioner                            00:00:00
   Fitter                                 00:00:00
   Timing SNF Extractor                   00:00:00
   Assembler                              00:00:00
   --------------------------             --------
   Total Time                             00:00:00


Memory Allocated
-----------------

Peak memory allocated during compilation  = 5,622K
