


ARM Macro Assembler    Page 1 


    1 00000000                 AREA             RESET, DATA, READONLY
    2 00000000                 EXPORT           __Vectors
    3 00000000         __Vectors
    4 00000000 10001000        DCD              0x10001000
    5 00000004 00000000        DCD              Reset_Handler
    6 00000008                 ALIGN
    7 00000008                 AREA             mycode, CODE, READONLY
    8 00000000                 ENTRY
    9 00000000                 EXPORT           Reset_Handler
   10 00000000         Reset_Handler
   11 00000000 4E14            LDR              R6, =RES
   12 00000002 F04F 0200       MOV              R2, #0
   13 00000006 4814            LDR              R0, =VAL1
   14 00000008 6801            LDR              R1, [R0]
   15 0000000A 290A    UP      CMP              R1, #0XA
   16 0000000C D304            BCC              STORE
   17 0000000E F1A1 010A       SUB              R1, #0XA
   18 00000012 F102 0201       ADD              R2, #1
   19 00000016 E7F8            B                UP
   20 00000018 F806 1B01 
                       STORE   STRB             R1, [R6], #1
   21 0000001C 4611            MOV              R1, R2
   22 0000001E F04F 0200       MOV              R2, #0
   23 00000022 290A            CMP              R1, #0XA
   24 00000024 D2F1            BCS              UP
   25 00000026 7031            STRB             R1, [R6]
   26 00000028 4633            MOV              R3, R6
   27 0000002A 4A0C            LDR              R2, =PACK
   28 0000002C 4E09            LDR              R6, =RES
   29 0000002E EBA3 0406       SUB              R4, R3, R6
   30 00000032 F816 0B01 
                       UP1     LDRB             R0, [R6], #1
   31 00000036 F816 1B01       LDRB             R1, [R6], #1
   32 0000003A EA4F 1101       LSL              R1, #4
   33 0000003E EA41 0100       ORR              R1, R0
   34 00000042 F802 1B01       STRB             R1, [R2], #1
   35 00000046 F1A4 0401       SUB              R4, #1
   36 0000004A 2C02            CMP              R4, #2
   37 0000004C D2F1            BCS              UP1
   38 0000004E         STOP
   39 0000004E E7FE            B                STOP
   40 00000050 000000FF 
                       VAL1    DCD              0X00FF
   41 00000054 00000000 
              00000000 
              00000000 
              00000000         AREA             mydata, DATA, READWRITE
   42 00000000 00000000 
              00000000 RES     DCD              0,0
   43 00000008 00000000 
                       PACK    DCD              0
   44 0000000C                 END
Command Line: --debug --xref --cpu=Cortex-M3 --apcs=interwork --depend=.\prg2_1
6bit_hexa_to_packedbcd.d -o.\prg2_16bit_hexa_to_packedbcd.o -IC:\Keil\ARM\RV31\
INC -IC:\Keil\ARM\CMSIS\Include -IC:\Keil\ARM\Inc\NXP\LPC17xx --predefine="__EV
AL SETA 1" --list=.\prg2_16bit_hexa_to_packedbcd.lst prg2_16bit_hexa_to_packedb
cd.s



ARM Macro Assembler    Page 1 Alphabetic symbol ordering
Relocatable symbols

RESET 00000000

Symbol: RESET
   Definitions
      At line 1 in file prg2_16bit_hexa_to_packedbcd.s
   Uses
      None
Comment: RESET unused
__Vectors 00000000

Symbol: __Vectors
   Definitions
      At line 3 in file prg2_16bit_hexa_to_packedbcd.s
   Uses
      At line 2 in file prg2_16bit_hexa_to_packedbcd.s
Comment: __Vectors used once
2 symbols



ARM Macro Assembler    Page 1 Alphabetic symbol ordering
Relocatable symbols

Reset_Handler 00000000

Symbol: Reset_Handler
   Definitions
      At line 10 in file prg2_16bit_hexa_to_packedbcd.s
   Uses
      At line 5 in file prg2_16bit_hexa_to_packedbcd.s
      At line 9 in file prg2_16bit_hexa_to_packedbcd.s

STOP 0000004E

Symbol: STOP
   Definitions
      At line 38 in file prg2_16bit_hexa_to_packedbcd.s
   Uses
      At line 39 in file prg2_16bit_hexa_to_packedbcd.s
Comment: STOP used once
STORE 00000018

Symbol: STORE
   Definitions
      At line 20 in file prg2_16bit_hexa_to_packedbcd.s
   Uses
      At line 16 in file prg2_16bit_hexa_to_packedbcd.s
Comment: STORE used once
UP 0000000A

Symbol: UP
   Definitions
      At line 15 in file prg2_16bit_hexa_to_packedbcd.s
   Uses
      At line 19 in file prg2_16bit_hexa_to_packedbcd.s
      At line 24 in file prg2_16bit_hexa_to_packedbcd.s

UP1 00000032

Symbol: UP1
   Definitions
      At line 30 in file prg2_16bit_hexa_to_packedbcd.s
   Uses
      At line 37 in file prg2_16bit_hexa_to_packedbcd.s
Comment: UP1 used once
VAL1 00000050

Symbol: VAL1
   Definitions
      At line 40 in file prg2_16bit_hexa_to_packedbcd.s
   Uses
      At line 13 in file prg2_16bit_hexa_to_packedbcd.s
Comment: VAL1 used once
mycode 00000000

Symbol: mycode
   Definitions
      At line 7 in file prg2_16bit_hexa_to_packedbcd.s
   Uses
      None
Comment: mycode unused
7 symbols



ARM Macro Assembler    Page 1 Alphabetic symbol ordering
Relocatable symbols

PACK 00000008

Symbol: PACK
   Definitions
      At line 43 in file prg2_16bit_hexa_to_packedbcd.s
   Uses
      At line 27 in file prg2_16bit_hexa_to_packedbcd.s
Comment: PACK used once
RES 00000000

Symbol: RES
   Definitions
      At line 42 in file prg2_16bit_hexa_to_packedbcd.s
   Uses
      At line 11 in file prg2_16bit_hexa_to_packedbcd.s
      At line 28 in file prg2_16bit_hexa_to_packedbcd.s

mydata 00000000

Symbol: mydata
   Definitions
      At line 41 in file prg2_16bit_hexa_to_packedbcd.s
   Uses
      None
Comment: mydata unused
3 symbols
345 symbols in table
