


ARM Macro Assembler    Page 1 


    1 00000000                 AREA             RESET, DATA, READONLY
    2 00000000                 EXPORT           __Vectors
    3 00000000         __Vectors
    4 00000000 10001000        DCD              0x10001000
    5 00000004 00000000        DCD              Reset_Handler
    6 00000008                 ALIGN
    7 00000008 00000001 
                       N1      DCD              0X00000001
    8 0000000C 00000002 
                       N2      DCD              0X00000002
    9 00000010                 AREA             mydata, DATA, READWRITE
   10 00000000 00000000 
                       DST     DCD              0
   11 00000004                 AREA             mycode, CODE, READONLY
   12 00000000                 ENTRY
   13 00000000                 EXPORT           Reset_Handler
   14 00000000         Reset_Handler
   15 00000000 4819            LDR              R0, =N1
   16 00000002 6802            LDR              R2, [R0]
   17 00000004 4819            LDR              R0, =N2
   18 00000006 6803            LDR              R3, [R0]
   19 00000008 4819            LDR              R0, =DST
   20 0000000A F04F 0508       MOV              R5, #8
   21 0000000E F04F 0600       MOV              R6, #0
   22 00000012 F04F 090F       MOV              R9, #0XF
   23 00000016 F04F 0400       MOV              R4, #0
   24 0000001A F04F 0100 
                       UP      MOV              R1, #0
   25 0000001E 4617            MOV              R7, R2
   26 00000020 4698            MOV              R8, R3
   27 00000022 EA07 0709       AND              R7, R9
   28 00000026 FA27 F704       LSR              R7, R4
   29 0000002A 4437            ADD              R7, R6
   30 0000002C F04F 0600       MOV              R6, #0
   31 00000030 EA08 0809       AND              R8, R9
   32 00000034 FA28 F804       LSR              R8, R4
   33 00000038 F000 F80A       BL               ADDN
   34 0000003C F101 0104       ADD              R1, #4
   35 00000040 F104 0404       ADD              R4, #4
   36 00000044 FA09 F901       LSL              R9, R1
   37 00000048 3D01            SUBS             R5, #1
   38 0000004A D1E6            BNE              UP
   39 0000004C 7006            STRB             R6, [R0]
   40 0000004E         STOP
   41 0000004E E7FE            B                STOP
   42 00000050 EB17 0708 
                       ADDN    ADDS             R7, R8
   43 00000054 2F0A            CMP              R7, #0XA
   44 00000056 D303            BCC              STORE
   45 00000058 F1A7 070A       SUB              R7, #0X0A
   46 0000005C F106 0601       ADD              R6, #0X01
   47 00000060 F800 7B01 
                       STORE   STRB             R7, [R0], #1
   48 00000064 4770            BX               LR
   49 00000066                 END
              00 00 00000000 
              00000000 
              00000000 
Command Line: --debug --xref --cpu=Cortex-M3 --apcs=interwork --depend=.\prg4_a



ARM Macro Assembler    Page 2 


dd_32bit_bcd_store_packedbcd.d -o.\prg4_add_32bit_bcd_store_packedbcd.o -IC:\Ke
il\ARM\RV31\INC -IC:\Keil\ARM\CMSIS\Include -IC:\Keil\ARM\Inc\NXP\LPC17xx --pre
define="__EVAL SETA 1" --list=.\prg4_add_32bit_bcd_store_packedbcd.lst prg4_add
_32bit_bcd_store_packedbcd.s



ARM Macro Assembler    Page 1 Alphabetic symbol ordering
Relocatable symbols

N1 00000008

Symbol: N1
   Definitions
      At line 7 in file prg4_add_32bit_bcd_store_packedbcd.s
   Uses
      At line 15 in file prg4_add_32bit_bcd_store_packedbcd.s
Comment: N1 used once
N2 0000000C

Symbol: N2
   Definitions
      At line 8 in file prg4_add_32bit_bcd_store_packedbcd.s
   Uses
      At line 17 in file prg4_add_32bit_bcd_store_packedbcd.s
Comment: N2 used once
RESET 00000000

Symbol: RESET
   Definitions
      At line 1 in file prg4_add_32bit_bcd_store_packedbcd.s
   Uses
      None
Comment: RESET unused
__Vectors 00000000

Symbol: __Vectors
   Definitions
      At line 3 in file prg4_add_32bit_bcd_store_packedbcd.s
   Uses
      At line 2 in file prg4_add_32bit_bcd_store_packedbcd.s
Comment: __Vectors used once
4 symbols



ARM Macro Assembler    Page 1 Alphabetic symbol ordering
Relocatable symbols

DST 00000000

Symbol: DST
   Definitions
      At line 10 in file prg4_add_32bit_bcd_store_packedbcd.s
   Uses
      At line 19 in file prg4_add_32bit_bcd_store_packedbcd.s
Comment: DST used once
mydata 00000000

Symbol: mydata
   Definitions
      At line 9 in file prg4_add_32bit_bcd_store_packedbcd.s
   Uses
      None
Comment: mydata unused
2 symbols



ARM Macro Assembler    Page 1 Alphabetic symbol ordering
Relocatable symbols

ADDN 00000050

Symbol: ADDN
   Definitions
      At line 42 in file prg4_add_32bit_bcd_store_packedbcd.s
   Uses
      At line 33 in file prg4_add_32bit_bcd_store_packedbcd.s
Comment: ADDN used once
Reset_Handler 00000000

Symbol: Reset_Handler
   Definitions
      At line 14 in file prg4_add_32bit_bcd_store_packedbcd.s
   Uses
      At line 5 in file prg4_add_32bit_bcd_store_packedbcd.s
      At line 13 in file prg4_add_32bit_bcd_store_packedbcd.s

STOP 0000004E

Symbol: STOP
   Definitions
      At line 40 in file prg4_add_32bit_bcd_store_packedbcd.s
   Uses
      At line 41 in file prg4_add_32bit_bcd_store_packedbcd.s
Comment: STOP used once
STORE 00000060

Symbol: STORE
   Definitions
      At line 47 in file prg4_add_32bit_bcd_store_packedbcd.s
   Uses
      At line 44 in file prg4_add_32bit_bcd_store_packedbcd.s
Comment: STORE used once
UP 0000001A

Symbol: UP
   Definitions
      At line 24 in file prg4_add_32bit_bcd_store_packedbcd.s
   Uses
      At line 38 in file prg4_add_32bit_bcd_store_packedbcd.s
Comment: UP used once
mycode 00000000

Symbol: mycode
   Definitions
      At line 11 in file prg4_add_32bit_bcd_store_packedbcd.s
   Uses
      None
Comment: mycode unused
6 symbols
345 symbols in table
