


ARM Macro Assembler    Page 1 


    1 00000000                 AREA             RESET, DATA, READONLY
    2 00000000                 EXPORT           __Vectors
    3 00000000         __Vectors
    4 00000000 10001000        dcd              0x10001000
    5 00000004 00000000        dcd              Reset_Handler
    6 00000008                 ALIGN
    7 00000008                 AREA             mycode, CODE, READONLY
    8 00000000                 ENTRY
    9 00000000                 EXPORT           Reset_Handler
   10 00000000         Reset_Handler
   11 00000000 4827            LDR              R0, =N1
   12 00000002 6802            LDR              R2, [R0]
   13 00000004 F000 F81A       BL               BCD_HEX
   14 00000008 46A9            MOV              R9, R5
   15 0000000A 4826            LDR              R0, =N2
   16 0000000C 6802            LDR              R2, [R0]
   17 0000000E F000 F815       BL               BCD_HEX
   18 00000012 46AA            MOV              R10, R5
   19 00000014 4824            LDR              R0, =PROD
   20 00000016 FB09 F90A       MUL              R9, R10
   21 0000001A F000 F823       BL               HEX_BCD
   22 0000001E F8DF 908C       LDR              R9, =TEMP
   23 00000022 F859 CB01 
                       UP2     LDR              R12, [R9], #1
   24 00000026 F859 BB01       LDR              R11, [R9], #1
   25 0000002A EA4F 1B0B       LSL              R11, #4
   26 0000002E EA4C 0C0B       ORR              R12, R11
   27 00000032 F800 CB01       STRB             R12, [R0], #1
   28 00000036 3901            SUBS             R1, #1
   29 00000038 D1F3            BNE              UP2
   30 0000003A         STOP
   31 0000003A E7FE            B                STOP
   32 0000003C         BCD_HEX
   33 0000003C F04F 0301       MOV              R3, #1
   34 00000040 F04F 040A       MOV              R4, #0XA
   35 00000044 F04F 0500       MOV              R5, #0
   36 00000048 F04F 070F       MOV              R7, #0XF
   37 0000004C 4616    UP      MOV              R6, R2
   38 0000004E EA06 0607       AND              R6, R7
   39 00000052 FB06 5503       MLA              R5, R6, R3, R5
   40 00000056 FB03 F304       MUL              R3, R4
   41 0000005A EA4F 1212       LSR              R2, #4
   42 0000005E 2A00            CMP              R2, #0
   43 00000060 D1F4            BNE              UP
   44 00000062 4770            BX               LR
   45 00000064         HEX_BCD
   46 00000064 F04F 0800       MOV              R8, #0
   47 00000068 4910            LDR              R1, =TEMP
   48 0000006A F1B9 0F0A 
                       UP1     CMP              R9, #0XA
   49 0000006E D304            BCC              STORE
   50 00000070 F1A9 090A       SUB              R9, #0XA
   51 00000074 F108 0801       ADD              R8, #1
   52 00000078 E7F7            B                UP1
   53 0000007A         STORE
   54 0000007A F801 9B01       STRB             R9, [R1], #1
   55 0000007E 46C1            MOV              R9, R8
   56 00000080 F04F 0800       MOV              R8, #0
   57 00000084 F1B9 0F0A       CMP              R9, #0XA



ARM Macro Assembler    Page 2 


   58 00000088 D2EF            BCS              UP1
   59 0000008A F881 9000       STRB             R9, [R1]
   60 0000008E F8DF 801C       LDR              R8, =TEMP
   61 00000092 EBA1 0108       SUB              R1, R8
   62 00000096 4770            BX               LR
   63 00000098 00001234 
                       N1      DCD              0X1234
   64 0000009C 00000012 
                       N2      DCD              0X12
   65 000000A0 00000000 
              00000000 
              00000000 
              00000000 
              00000000 
              00000000         AREA             mydata, DATA, READWRITE
   66 00000000 00000000 
              00000000 TEMP    DCD              0,0
   67 00000008 00000000 
              00000000 PROD    DCD              0,0
   68 00000010                 END
Command Line: --debug --xref --cpu=Cortex-M3 --apcs=interwork --depend=.\prg5_m
ul_16bit_bcd_to_unpacked_bcd.d -o.\prg5_mul_16bit_bcd_to_unpacked_bcd.o -IC:\Ke
il\ARM\RV31\INC -IC:\Keil\ARM\CMSIS\Include -IC:\Keil\ARM\Inc\NXP\LPC17xx --pre
define="__EVAL SETA 1" --list=.\prg5_mul_16bit_bcd_to_unpacked_bcd.lst prg5_mul
_16bit_bcd_to_unpacked_bcd.s



ARM Macro Assembler    Page 1 Alphabetic symbol ordering
Relocatable symbols

RESET 00000000

Symbol: RESET
   Definitions
      At line 1 in file prg5_mul_16bit_bcd_to_unpacked_bcd.s
   Uses
      None
Comment: RESET unused
__Vectors 00000000

Symbol: __Vectors
   Definitions
      At line 3 in file prg5_mul_16bit_bcd_to_unpacked_bcd.s
   Uses
      At line 2 in file prg5_mul_16bit_bcd_to_unpacked_bcd.s
Comment: __Vectors used once
2 symbols



ARM Macro Assembler    Page 1 Alphabetic symbol ordering
Relocatable symbols

BCD_HEX 0000003C

Symbol: BCD_HEX
   Definitions
      At line 32 in file prg5_mul_16bit_bcd_to_unpacked_bcd.s
   Uses
      At line 13 in file prg5_mul_16bit_bcd_to_unpacked_bcd.s
      At line 17 in file prg5_mul_16bit_bcd_to_unpacked_bcd.s

HEX_BCD 00000064

Symbol: HEX_BCD
   Definitions
      At line 45 in file prg5_mul_16bit_bcd_to_unpacked_bcd.s
   Uses
      At line 21 in file prg5_mul_16bit_bcd_to_unpacked_bcd.s
Comment: HEX_BCD used once
N1 00000098

Symbol: N1
   Definitions
      At line 63 in file prg5_mul_16bit_bcd_to_unpacked_bcd.s
   Uses
      At line 11 in file prg5_mul_16bit_bcd_to_unpacked_bcd.s
Comment: N1 used once
N2 0000009C

Symbol: N2
   Definitions
      At line 64 in file prg5_mul_16bit_bcd_to_unpacked_bcd.s
   Uses
      At line 15 in file prg5_mul_16bit_bcd_to_unpacked_bcd.s
Comment: N2 used once
Reset_Handler 00000000

Symbol: Reset_Handler
   Definitions
      At line 10 in file prg5_mul_16bit_bcd_to_unpacked_bcd.s
   Uses
      At line 5 in file prg5_mul_16bit_bcd_to_unpacked_bcd.s
      At line 9 in file prg5_mul_16bit_bcd_to_unpacked_bcd.s

STOP 0000003A

Symbol: STOP
   Definitions
      At line 30 in file prg5_mul_16bit_bcd_to_unpacked_bcd.s
   Uses
      At line 31 in file prg5_mul_16bit_bcd_to_unpacked_bcd.s
Comment: STOP used once
STORE 0000007A

Symbol: STORE
   Definitions
      At line 53 in file prg5_mul_16bit_bcd_to_unpacked_bcd.s
   Uses
      At line 49 in file prg5_mul_16bit_bcd_to_unpacked_bcd.s
Comment: STORE used once
UP 0000004C



ARM Macro Assembler    Page 2 Alphabetic symbol ordering
Relocatable symbols


Symbol: UP
   Definitions
      At line 37 in file prg5_mul_16bit_bcd_to_unpacked_bcd.s
   Uses
      At line 43 in file prg5_mul_16bit_bcd_to_unpacked_bcd.s
Comment: UP used once
UP1 0000006A

Symbol: UP1
   Definitions
      At line 48 in file prg5_mul_16bit_bcd_to_unpacked_bcd.s
   Uses
      At line 52 in file prg5_mul_16bit_bcd_to_unpacked_bcd.s
      At line 58 in file prg5_mul_16bit_bcd_to_unpacked_bcd.s

UP2 00000022

Symbol: UP2
   Definitions
      At line 23 in file prg5_mul_16bit_bcd_to_unpacked_bcd.s
   Uses
      At line 29 in file prg5_mul_16bit_bcd_to_unpacked_bcd.s
Comment: UP2 used once
mycode 00000000

Symbol: mycode
   Definitions
      At line 7 in file prg5_mul_16bit_bcd_to_unpacked_bcd.s
   Uses
      None
Comment: mycode unused
11 symbols



ARM Macro Assembler    Page 1 Alphabetic symbol ordering
Relocatable symbols

PROD 00000008

Symbol: PROD
   Definitions
      At line 67 in file prg5_mul_16bit_bcd_to_unpacked_bcd.s
   Uses
      At line 19 in file prg5_mul_16bit_bcd_to_unpacked_bcd.s
Comment: PROD used once
TEMP 00000000

Symbol: TEMP
   Definitions
      At line 66 in file prg5_mul_16bit_bcd_to_unpacked_bcd.s
   Uses
      At line 22 in file prg5_mul_16bit_bcd_to_unpacked_bcd.s
      At line 47 in file prg5_mul_16bit_bcd_to_unpacked_bcd.s
      At line 60 in file prg5_mul_16bit_bcd_to_unpacked_bcd.s

mydata 00000000

Symbol: mydata
   Definitions
      At line 65 in file prg5_mul_16bit_bcd_to_unpacked_bcd.s
   Uses
      None
Comment: mydata unused
3 symbols
349 symbols in table
