


ARM Macro Assembler    Page 1 


    1 00000000                 AREA             RESET, DATA, READONLY
    2 00000000                 EXPORT           __Vectors
    3 00000000         __Vectors
    4 00000000 10001000        dcd              0x10001000
    5 00000004 00000000        dcd              Reset_Handler
    6 00000008                 ALIGN
    7 00000008                 AREA             mycode, CODE, READONLY
    8 00000000                 ENTRY
    9 00000000                 EXPORT           Reset_Handler
   10 00000000         Reset_Handler
   11 00000000 4813            LDR              R0, =VALUE1
   12 00000002 4914            LDR              R1, =VALUE2
   13 00000004 7802            LDRB             R2, [R0]
   14 00000006 780B            LDRB             R3, [R1]
   15 00000008 4617            MOV              R7, R2
   16 0000000A 4698            MOV              R8, R3
   17 0000000C         BACK
   18 0000000C 429A            CMP              R2, R3
   19 0000000E D006            BEQ              EXIT
   20 00000010 D202            BCS              DOWN
   21 00000012 EBA3 0302       SUB              R3, R2
   22 00000016 E7F9            B                BACK
   23 00000018 EBA2 0203 
                       DOWN    SUB              R2, R3
   24 0000001C E7F6            B                BACK
   25 0000001E         EXIT
   26 0000001E 480E            LDR              R0, =GCD
   27 00000020 7002            STRB             R2, [R0]
   28 00000022 4E0E            LDR              R6, =LCM
   29 00000024 F04F 0500       MOV              R5, #0
   30 00000028 FB07 F708       MUL              R7, R8
   31 0000002C 6804            LDR              R4, [R0]
   32 0000002E 2C01            CMP              R4, #1
   33 00000030 D007            BEQ              PROD
   34 00000032         UP
   35 00000032 EBA7 0704       SUB              R7, R4
   36 00000036 F105 0501       ADD              R5, #1
   37 0000003A 2F00            CMP              R7, #0
   38 0000003C D1F9            BNE              UP
   39 0000003E 6035            STR              R5, [R6]
   40 00000040 E000            B                STOP
   41 00000042 6037    PROD    STR              R7, [R6]
   42 00000044         STOP
   43 00000044 E7FE            B                STOP
   44 00000046 00 00 00000002 
                       VALUE1  DCD              2
   45 0000004C 0000000A 
                       VALUE2  DCD              10
   46 00000050 00000000 
              00000000 
              00000000 
              00000000         AREA             mydata, DATA, READWRITE
   47 00000000 00000000 
                       GCD     DCD              0
   48 00000004 00000000 
                       LCM     DCD              0
   49 00000008                 END
Command Line: --debug --xref --cpu=Cortex-M3 --apcs=interwork --depend=.\prog4_
gcd_lcm.d -o.\prog4_gcd_lcm.o -IC:\Keil\ARM\RV31\INC -IC:\Keil\ARM\CMSIS\Includ



ARM Macro Assembler    Page 2 


e -IC:\Keil\ARM\Inc\NXP\LPC17xx --predefine="__EVAL SETA 1" --list=.\prog4_gcd_
lcm.lst prog4_gcd_lcm.s



ARM Macro Assembler    Page 1 Alphabetic symbol ordering
Relocatable symbols

RESET 00000000

Symbol: RESET
   Definitions
      At line 1 in file prog4_gcd_lcm.s
   Uses
      None
Comment: RESET unused
__Vectors 00000000

Symbol: __Vectors
   Definitions
      At line 3 in file prog4_gcd_lcm.s
   Uses
      At line 2 in file prog4_gcd_lcm.s
Comment: __Vectors used once
2 symbols



ARM Macro Assembler    Page 1 Alphabetic symbol ordering
Relocatable symbols

BACK 0000000C

Symbol: BACK
   Definitions
      At line 17 in file prog4_gcd_lcm.s
   Uses
      At line 22 in file prog4_gcd_lcm.s
      At line 24 in file prog4_gcd_lcm.s

DOWN 00000018

Symbol: DOWN
   Definitions
      At line 23 in file prog4_gcd_lcm.s
   Uses
      At line 20 in file prog4_gcd_lcm.s
Comment: DOWN used once
EXIT 0000001E

Symbol: EXIT
   Definitions
      At line 25 in file prog4_gcd_lcm.s
   Uses
      At line 19 in file prog4_gcd_lcm.s
Comment: EXIT used once
PROD 00000042

Symbol: PROD
   Definitions
      At line 41 in file prog4_gcd_lcm.s
   Uses
      At line 33 in file prog4_gcd_lcm.s
Comment: PROD used once
Reset_Handler 00000000

Symbol: Reset_Handler
   Definitions
      At line 10 in file prog4_gcd_lcm.s
   Uses
      At line 5 in file prog4_gcd_lcm.s
      At line 9 in file prog4_gcd_lcm.s

STOP 00000044

Symbol: STOP
   Definitions
      At line 42 in file prog4_gcd_lcm.s
   Uses
      At line 40 in file prog4_gcd_lcm.s
      At line 43 in file prog4_gcd_lcm.s

UP 00000032

Symbol: UP
   Definitions
      At line 34 in file prog4_gcd_lcm.s
   Uses
      At line 38 in file prog4_gcd_lcm.s
Comment: UP used once



ARM Macro Assembler    Page 2 Alphabetic symbol ordering
Relocatable symbols

VALUE1 00000048

Symbol: VALUE1
   Definitions
      At line 44 in file prog4_gcd_lcm.s
   Uses
      At line 11 in file prog4_gcd_lcm.s
Comment: VALUE1 used once
VALUE2 0000004C

Symbol: VALUE2
   Definitions
      At line 45 in file prog4_gcd_lcm.s
   Uses
      At line 12 in file prog4_gcd_lcm.s
Comment: VALUE2 used once
mycode 00000000

Symbol: mycode
   Definitions
      At line 7 in file prog4_gcd_lcm.s
   Uses
      None
Comment: mycode unused
10 symbols



ARM Macro Assembler    Page 1 Alphabetic symbol ordering
Relocatable symbols

GCD 00000000

Symbol: GCD
   Definitions
      At line 47 in file prog4_gcd_lcm.s
   Uses
      At line 26 in file prog4_gcd_lcm.s
Comment: GCD used once
LCM 00000004

Symbol: LCM
   Definitions
      At line 48 in file prog4_gcd_lcm.s
   Uses
      At line 28 in file prog4_gcd_lcm.s
Comment: LCM used once
mydata 00000000

Symbol: mydata
   Definitions
      At line 46 in file prog4_gcd_lcm.s
   Uses
      None
Comment: mydata unused
3 symbols
348 symbols in table
